# JRE version: Java(TM) SE Runtime Environment (8.0_311-b11) (build 1.8.0_311-b11)
# Java VM: Java HotSpot(TM) 64-Bit Server VM (25.311-b11 mixed mode windows-amd64 compressed oops)
Heap:
 PSYoungGen      total 460288K, used 388272K [0x000000076b980000, 0x000000078e000000, 0x00000007c0000000)
  eden space 412672K, 94% used [0x000000076b980000,0x00000007834ac010,0x0000000784c80000)
  from space 47616K, 0% used [0x0000000787d00000,0x0000000787d00000,0x000000078ab80000)
  to   space 49664K, 0% used [0x0000000784c80000,0x0000000784c80000,0x0000000787d00000)
 ParOldGen       total 200704K, used 48453K [0x00000006c2c00000, 0x00000006cf000000, 0x000000076b980000)
  object space 200704K, 24% used [0x00000006c2c00000,0x00000006c5b515a8,0x00000006cf000000)
 Metaspace       used 35039K, capacity 36082K, committed 36352K, reserved 1081344K
  class space    used 3940K, capacity 4247K, committed 4352K, reserved 1048576K
GC Heap History (10 events):
Event: 5.356 GC heap before
{Heap before GC invocations=10 (full 1):
 PSYoungGen      total 279552K, used 274555K [0x000000076b980000, 0x000000077ec80000, 0x00000007c0000000)
  eden space 258560K, 100% used [0x000000076b980000,0x000000077b600000,0x000000077b600000)
  from space 20992K, 76% used [0x000000077ca80000,0x000000077da1ef80,0x000000077df00000)
  to   space 20992K, 0% used [0x000000077b600000,0x000000077b600000,0x000000077ca80000)
 ParOldGen       total 130048K, used 29806K [0x00000006c2c00000, 0x00000006cab00000, 0x000000076b980000)
  object space 130048K, 22% used [0x00000006c2c00000,0x00000006c491b9d0,0x00000006cab00000)
 Metaspace       used 27923K, capacity 28830K, committed 28928K, reserved 1075200K
  class space    used 3199K, capacity 3505K, committed 3584K, reserved 1048576K
Event: 5.370 GC heap after
Heap after GC invocations=10 (full 1):
 PSYoungGen      total 279552K, used 20971K [0x000000076b980000, 0x0000000783700000, 0x00000007c0000000)
  eden space 258560K, 0% used [0x000000076b980000,0x000000076b980000,0x000000077b600000)
  from space 20992K, 99% used [0x000000077b600000,0x000000077ca7ad80,0x000000077ca80000)
  to   space 26624K, 0% used [0x0000000781d00000,0x0000000781d00000,0x0000000783700000)
 ParOldGen       total 130048K, used 39630K [0x00000006c2c00000, 0x00000006cab00000, 0x000000076b980000)
  object space 130048K, 30% used [0x00000006c2c00000,0x00000006c52b3ab0,0x00000006cab00000)
 Metaspace       used 27923K, capacity 28830K, committed 28928K, reserved 1075200K
  class space    used 3199K, capacity 3505K, committed 3584K, reserved 1048576K
}
Event: 7.184 GC heap before
{Heap before GC invocations=11 (full 1):
 PSYoungGen      total 279552K, used 279531K [0x000000076b980000, 0x0000000783700000, 0x00000007c0000000)
  eden space 258560K, 100% used [0x000000076b980000,0x000000077b600000,0x000000077b600000)
  from space 20992K, 99% used [0x000000077b600000,0x000000077ca7ad80,0x000000077ca80000)
  to   space 26624K, 0% used [0x0000000781d00000,0x0000000781d00000,0x0000000783700000)
 ParOldGen       total 130048K, used 39630K [0x00000006c2c00000, 0x00000006cab00000, 0x000000076b980000)
  object space 130048K, 30% used [0x00000006c2c00000,0x00000006c52b3ab0,0x00000006cab00000)
 Metaspace       used 29317K, capacity 30306K, committed 30592K, reserved 1077248K
  class space    used 3313K, capacity 3591K, committed 3712K, reserved 1048576K
Event: 7.207 GC heap after
Heap after GC invocations=11 (full 1):
 PSYoungGen      total 353280K, used 26594K [0x000000076b980000, 0x0000000784780000, 0x00000007c0000000)
  eden space 326656K, 0% used [0x000000076b980000,0x000000076b980000,0x000000077f880000)
  from space 26624K, 99% used [0x0000000781d00000,0x00000007836f89c8,0x0000000783700000)
  to   space 37376K, 0% used [0x000000077f880000,0x000000077f880000,0x0000000781d00000)
 ParOldGen       total 130048K, used 61249K [0x00000006c2c00000, 0x00000006cab00000, 0x000000076b980000)
  object space 130048K, 47% used [0x00000006c2c00000,0x00000006c67d04f8,0x00000006cab00000)
 Metaspace       used 29317K, capacity 30306K, committed 30592K, reserved 1077248K
  class space    used 3313K, capacity 3591K, committed 3712K, reserved 1048576K
}
Event: 9.403 GC heap before
{Heap before GC invocations=12 (full 1):
 PSYoungGen      total 353280K, used 353250K [0x000000076b980000, 0x0000000784780000, 0x00000007c0000000)
  eden space 326656K, 100% used [0x000000076b980000,0x000000077f880000,0x000000077f880000)
  from space 26624K, 99% used [0x0000000781d00000,0x00000007836f89c8,0x0000000783700000)
  to   space 37376K, 0% used [0x000000077f880000,0x000000077f880000,0x0000000781d00000)
 ParOldGen       total 130048K, used 61249K [0x00000006c2c00000, 0x00000006cab00000, 0x000000076b980000)
  object space 130048K, 47% used [0x00000006c2c00000,0x00000006c67d04f8,0x00000006cab00000)
 Metaspace       used 33738K, capacity 35076K, committed 35200K, reserved 1081344K
  class space    used 3794K, capacity 4152K, committed 4224K, reserved 1048576K
Event: 9.429 GC heap after
Heap after GC invocations=12 (full 1):
 PSYoungGen      total 364032K, used 37367K [0x000000076b980000, 0x000000078ab80000, 0x00000007c0000000)
  eden space 326656K, 0% used [0x000000076b980000,0x000000076b980000,0x000000077f880000)
  from space 37376K, 99% used [0x000000077f880000,0x0000000781cfdf88,0x0000000781d00000)
  to   space 47616K, 0% used [0x0000000787d00000,0x0000000787d00000,0x000000078ab80000)
 ParOldGen       total 130048K, used 76216K [0x00000006c2c00000, 0x00000006cab00000, 0x000000076b980000)
  object space 130048K, 58% used [0x00000006c2c00000,0x00000006c766e220,0x00000006cab00000)
 Metaspace       used 33738K, capacity 35076K, committed 35200K, reserved 1081344K
  class space    used 3794K, capacity 4152K, committed 4224K, reserved 1048576K
}
Event: 9.497 GC heap before
{Heap before GC invocations=13 (full 1):
 PSYoungGen      total 364032K, used 52200K [0x000000076b980000, 0x000000078ab80000, 0x00000007c0000000)
  eden space 326656K, 4% used [0x000000076b980000,0x000000076c7fc298,0x000000077f880000)
  from space 37376K, 99% used [0x000000077f880000,0x0000000781cfdf88,0x0000000781d00000)
  to   space 47616K, 0% used [0x0000000787d00000,0x0000000787d00000,0x000000078ab80000)
 ParOldGen       total 130048K, used 76216K [0x00000006c2c00000, 0x00000006cab00000, 0x000000076b980000)
  object space 130048K, 58% used [0x00000006c2c00000,0x00000006c766e220,0x00000006cab00000)
 Metaspace       used 34119K, capacity 35396K, committed 35456K, reserved 1081344K
  class space    used 3851K, capacity 4216K, committed 4224K, reserved 1048576K
Event: 9.510 GC heap after
Heap after GC invocations=13 (full 1):
 PSYoungGen      total 460288K, used 35024K [0x000000076b980000, 0x000000078e000000, 0x00000007c0000000)
  eden space 412672K, 0% used [0x000000076b980000,0x000000076b980000,0x0000000784c80000)
  from space 47616K, 73% used [0x0000000787d00000,0x0000000789f341e0,0x000000078ab80000)
  to   space 49664K, 0% used [0x0000000784c80000,0x0000000784c80000,0x0000000787d00000)
 ParOldGen       total 130048K, used 76968K [0x00000006c2c00000, 0x00000006cab00000, 0x000000076b980000)
  object space 130048K, 59% used [0x00000006c2c00000,0x00000006c772a2e0,0x00000006cab00000)
 Metaspace       used 34119K, capacity 35396K, committed 35456K, reserved 1081344K
  class space    used 3851K, capacity 4216K, committed 4224K, reserved 1048576K
}
Event: 9.510 GC heap before
{Heap before GC invocations=14 (full 2):
 PSYoungGen      total 460288K, used 35024K [0x000000076b980000, 0x000000078e000000, 0x00000007c0000000)
  eden space 412672K, 0% used [0x000000076b980000,0x000000076b980000,0x0000000784c80000)
  from space 47616K, 73% used [0x0000000787d00000,0x0000000789f341e0,0x000000078ab80000)
  to   space 49664K, 0% used [0x0000000784c80000,0x0000000784c80000,0x0000000787d00000)
 ParOldGen       total 130048K, used 76968K [0x00000006c2c00000, 0x00000006cab00000, 0x000000076b980000)
  object space 130048K, 59% used [0x00000006c2c00000,0x00000006c772a2e0,0x00000006cab00000)
 Metaspace       used 34119K, capacity 35396K, committed 35456K, reserved 1081344K
  class space    used 3851K, capacity 4216K, committed 4224K, reserved 1048576K
Event: 9.575 GC heap after
Heap after GC invocations=14 (full 2):
 PSYoungGen      total 460288K, used 0K [0x000000076b980000, 0x000000078e000000, 0x00000007c0000000)
  eden space 412672K, 0% used [0x000000076b980000,0x000000076b980000,0x0000000784c80000)
  from space 47616K, 0% used [0x0000000787d00000,0x0000000787d00000,0x000000078ab80000)
  to   space 49664K, 0% used [0x0000000784c80000,0x0000000784c80000,0x0000000787d00000)
 ParOldGen       total 200704K, used 48453K [0x00000006c2c00000, 0x00000006cf000000, 0x000000076b980000)
  object space 200704K, 24% used [0x00000006c2c00000,0x00000006c5b515a8,0x00000006cf000000)
 Metaspace       used 31626K, capacity 32670K, committed 35456K, reserved 1081344K
  class space    used 3573K, capacity 3877K, committed 4224K, reserved 1048576K
}

