# JRE version: Java(TM) SE Runtime Environment (8.0_311-b11) (build 1.8.0_311-b11)
# Java VM: Java HotSpot(TM) 64-Bit Server VM (25.311-b11 mixed mode windows-amd64 compressed oops)
Heap:
 PSYoungGen      total 543232K, used 32877K [0x000000076b980000, 0x000000078f800000, 0x00000007c0000000)
  eden space 496640K, 2% used [0x000000076b980000,0x000000076c333648,0x0000000789e80000)
  from space 46592K, 49% used [0x000000078ca80000,0x000000078e0e8150,0x000000078f800000)
  to   space 45056K, 0% used [0x0000000789e80000,0x0000000789e80000,0x000000078ca80000)
 ParOldGen       total 225792K, used 57351K [0x00000006c2c00000, 0x00000006d0880000, 0x000000076b980000)
  object space 225792K, 25% used [0x00000006c2c00000,0x00000006c6401e90,0x00000006d0880000)
 Metaspace       used 35055K, capacity 36082K, committed 36352K, reserved 1081344K
  class space    used 3936K, capacity 4247K, committed 4352K, reserved 1048576K
GC Heap History (10 events):
Event: 5.465 GC heap before
{Heap before GC invocations=10 (full 1):
 PSYoungGen      total 307712K, used 302476K [0x000000076b980000, 0x0000000780300000, 0x00000007c0000000)
  eden space 286720K, 100% used [0x000000076b980000,0x000000077d180000,0x000000077d180000)
  from space 20992K, 75% used [0x000000077e600000,0x000000077f563350,0x000000077fa80000)
  to   space 20992K, 0% used [0x000000077d180000,0x000000077d180000,0x000000077e600000)
 ParOldGen       total 126976K, used 29753K [0x00000006c2c00000, 0x00000006ca800000, 0x000000076b980000)
  object space 126976K, 23% used [0x00000006c2c00000,0x00000006c490e7a0,0x00000006ca800000)
 Metaspace       used 28146K, capacity 28964K, committed 29184K, reserved 1075200K
  class space    used 3221K, capacity 3506K, committed 3584K, reserved 1048576K
Event: 5.484 GC heap after
Heap after GC invocations=10 (full 1):
 PSYoungGen      total 307712K, used 20980K [0x000000076b980000, 0x0000000786900000, 0x00000007c0000000)
  eden space 286720K, 0% used [0x000000076b980000,0x000000076b980000,0x000000077d180000)
  from space 20992K, 99% used [0x000000077d180000,0x000000077e5fd060,0x000000077e600000)
  to   space 26624K, 0% used [0x0000000784f00000,0x0000000784f00000,0x0000000786900000)
 ParOldGen       total 126976K, used 39965K [0x00000006c2c00000, 0x00000006ca800000, 0x000000076b980000)
  object space 126976K, 31% used [0x00000006c2c00000,0x00000006c5307518,0x00000006ca800000)
 Metaspace       used 28146K, capacity 28964K, committed 29184K, reserved 1075200K
  class space    used 3221K, capacity 3506K, committed 3584K, reserved 1048576K
}
Event: 7.678 GC heap before
{Heap before GC invocations=11 (full 1):
 PSYoungGen      total 307712K, used 307700K [0x000000076b980000, 0x0000000786900000, 0x00000007c0000000)
  eden space 286720K, 100% used [0x000000076b980000,0x000000077d180000,0x000000077d180000)
  from space 20992K, 99% used [0x000000077d180000,0x000000077e5fd060,0x000000077e600000)
  to   space 26624K, 0% used [0x0000000784f00000,0x0000000784f00000,0x0000000786900000)
 ParOldGen       total 126976K, used 39965K [0x00000006c2c00000, 0x00000006ca800000, 0x000000076b980000)
  object space 126976K, 31% used [0x00000006c2c00000,0x00000006c5307518,0x00000006ca800000)
 Metaspace       used 30128K, capacity 31258K, committed 31360K, reserved 1077248K
  class space    used 3364K, capacity 3690K, committed 3712K, reserved 1048576K
Event: 7.701 GC heap after
Heap after GC invocations=11 (full 1):
 PSYoungGen      total 403456K, used 26608K [0x000000076b980000, 0x0000000787900000, 0x00000007c0000000)
  eden space 376832K, 0% used [0x000000076b980000,0x000000076b980000,0x0000000782980000)
  from space 26624K, 99% used [0x0000000784f00000,0x00000007868fc380,0x0000000786900000)
  to   space 38400K, 0% used [0x0000000782980000,0x0000000782980000,0x0000000784f00000)
 ParOldGen       total 126976K, used 63807K [0x00000006c2c00000, 0x00000006ca800000, 0x000000076b980000)
  object space 126976K, 50% used [0x00000006c2c00000,0x00000006c6a4fe48,0x00000006ca800000)
 Metaspace       used 30128K, capacity 31258K, committed 31360K, reserved 1077248K
  class space    used 3364K, capacity 3690K, committed 3712K, reserved 1048576K
}
Event: 9.429 GC heap before
{Heap before GC invocations=12 (full 1):
 PSYoungGen      total 403456K, used 306470K [0x000000076b980000, 0x0000000787900000, 0x00000007c0000000)
  eden space 376832K, 74% used [0x000000076b980000,0x000000077cacd648,0x0000000782980000)
  from space 26624K, 99% used [0x0000000784f00000,0x00000007868fc380,0x0000000786900000)
  to   space 38400K, 0% used [0x0000000782980000,0x0000000782980000,0x0000000784f00000)
 ParOldGen       total 126976K, used 63807K [0x00000006c2c00000, 0x00000006ca800000, 0x000000076b980000)
  object space 126976K, 50% used [0x00000006c2c00000,0x00000006c6a4fe48,0x00000006ca800000)
 Metaspace       used 34221K, capacity 35396K, committed 35456K, reserved 1081344K
  class space    used 3855K, capacity 4216K, committed 4224K, reserved 1048576K
Event: 9.452 GC heap after
Heap after GC invocations=12 (full 1):
 PSYoungGen      total 415232K, used 38368K [0x000000076b980000, 0x000000078f900000, 0x00000007c0000000)
  eden space 376832K, 0% used [0x000000076b980000,0x000000076b980000,0x0000000782980000)
  from space 38400K, 99% used [0x0000000782980000,0x0000000784ef82c0,0x0000000784f00000)
  to   space 47616K, 0% used [0x000000078ca80000,0x000000078ca80000,0x000000078f900000)
 ParOldGen       total 126976K, used 76002K [0x00000006c2c00000, 0x00000006ca800000, 0x000000076b980000)
  object space 126976K, 59% used [0x00000006c2c00000,0x00000006c7638ad8,0x00000006ca800000)
 Metaspace       used 34221K, capacity 35396K, committed 35456K, reserved 1081344K
  class space    used 3855K, capacity 4216K, committed 4224K, reserved 1048576K
}
Event: 9.452 GC heap before
{Heap before GC invocations=13 (full 2):
 PSYoungGen      total 415232K, used 38368K [0x000000076b980000, 0x000000078f900000, 0x00000007c0000000)
  eden space 376832K, 0% used [0x000000076b980000,0x000000076b980000,0x0000000782980000)
  from space 38400K, 99% used [0x0000000782980000,0x0000000784ef82c0,0x0000000784f00000)
  to   space 47616K, 0% used [0x000000078ca80000,0x000000078ca80000,0x000000078f900000)
 ParOldGen       total 126976K, used 76002K [0x00000006c2c00000, 0x00000006ca800000, 0x000000076b980000)
  object space 126976K, 59% used [0x00000006c2c00000,0x00000006c7638ad8,0x00000006ca800000)
 Metaspace       used 34221K, capacity 35396K, committed 35456K, reserved 1081344K
  class space    used 3855K, capacity 4216K, committed 4224K, reserved 1048576K
Event: 9.527 GC heap after
Heap after GC invocations=13 (full 2):
 PSYoungGen      total 415232K, used 0K [0x000000076b980000, 0x000000078f900000, 0x00000007c0000000)
  eden space 376832K, 0% used [0x000000076b980000,0x000000076b980000,0x0000000782980000)
  from space 38400K, 0% used [0x0000000782980000,0x0000000782980000,0x0000000784f00000)
  to   space 47616K, 0% used [0x000000078ca80000,0x000000078ca80000,0x000000078f900000)
 ParOldGen       total 225792K, used 57343K [0x00000006c2c00000, 0x00000006d0880000, 0x000000076b980000)
  object space 225792K, 25% used [0x00000006c2c00000,0x00000006c63ffe90,0x00000006d0880000)
 Metaspace       used 31733K, capacity 32670K, committed 35456K, reserved 1081344K
  class space    used 3577K, capacity 3877K, committed 4224K, reserved 1048576K
}
Event: 12.456 GC heap before
{Heap before GC invocations=14 (full 2):
 PSYoungGen      total 415232K, used 376832K [0x000000076b980000, 0x000000078f900000, 0x00000007c0000000)
  eden space 376832K, 100% used [0x000000076b980000,0x0000000782980000,0x0000000782980000)
  from space 38400K, 0% used [0x0000000782980000,0x0000000782980000,0x0000000784f00000)
  to   space 47616K, 0% used [0x000000078ca80000,0x000000078ca80000,0x000000078f900000)
 ParOldGen       total 225792K, used 57343K [0x00000006c2c00000, 0x00000006d0880000, 0x000000076b980000)
  object space 225792K, 25% used [0x00000006c2c00000,0x00000006c63ffe90,0x00000006d0880000)
 Metaspace       used 34893K, capacity 36018K, committed 36352K, reserved 1081344K
  class space    used 3919K, capacity 4247K, committed 4352K, reserved 1048576K
Event: 12.473 GC heap after
Heap after GC invocations=14 (full 2):
 PSYoungGen      total 543232K, used 22944K [0x000000076b980000, 0x000000078f800000, 0x00000007c0000000)
  eden space 496640K, 0% used [0x000000076b980000,0x000000076b980000,0x0000000789e80000)
  from space 46592K, 49% used [0x000000078ca80000,0x000000078e0e8150,0x000000078f800000)
  to   space 45056K, 0% used [0x0000000789e80000,0x0000000789e80000,0x000000078ca80000)
 ParOldGen       total 225792K, used 57351K [0x00000006c2c00000, 0x00000006d0880000, 0x000000076b980000)
  object space 225792K, 25% used [0x00000006c2c00000,0x00000006c6401e90,0x00000006d0880000)
 Metaspace       used 34893K, capacity 36018K, committed 36352K, reserved 1081344K
  class space    used 3919K, capacity 4247K, committed 4352K, reserved 1048576K
}

