# JRE version: Java(TM) SE Runtime Environment (8.0_311-b11) (build 1.8.0_311-b11)
# Java VM: Java HotSpot(TM) 64-Bit Server VM (25.311-b11 mixed mode windows-amd64 compressed oops)
Heap:
 PSYoungGen      total 461312K, used 49208K [0x000000076b980000, 0x0000000794580000, 0x00000007c0000000)
  eden space 428544K, 11% used [0x000000076b980000,0x000000076e98e158,0x0000000785c00000)
  from space 32768K, 0% used [0x0000000785c00000,0x0000000785c00000,0x0000000787c00000)
  to   space 31232K, 0% used [0x0000000792700000,0x0000000792700000,0x0000000794580000)
 ParOldGen       total 98816K, used 54439K [0x00000006c2c00000, 0x00000006c8c80000, 0x000000076b980000)
  object space 98816K, 55% used [0x00000006c2c00000,0x00000006c6129f88,0x00000006c8c80000)
 Metaspace       used 32471K, capacity 33446K, committed 35456K, reserved 1081344K
  class space    used 3651K, capacity 3944K, committed 4224K, reserved 1048576K
GC Heap History (10 events):
Event: 8.671 GC heap before
{Heap before GC invocations=11 (full 1):
 PSYoungGen      total 225792K, used 218128K [0x000000076b980000, 0x0000000780b00000, 0x00000007c0000000)
  eden space 202752K, 100% used [0x000000076b980000,0x0000000777f80000,0x0000000777f80000)
  from space 23040K, 66% used [0x0000000777f80000,0x0000000778e843b8,0x0000000779600000)
  to   space 22528K, 0% used [0x000000077f500000,0x000000077f500000,0x0000000780b00000)
 ParOldGen       total 98816K, used 27418K [0x00000006c2c00000, 0x00000006c8c80000, 0x000000076b980000)
  object space 98816K, 27% used [0x00000006c2c00000,0x00000006c46c6870,0x00000006c8c80000)
 Metaspace       used 25634K, capacity 26322K, committed 26496K, reserved 1073152K
  class space    used 2910K, capacity 3097K, committed 3200K, reserved 1048576K
Event: 8.691 GC heap after
Heap after GC invocations=11 (full 1):
 PSYoungGen      total 322048K, used 4336K [0x000000076b980000, 0x0000000780c80000, 0x00000007c0000000)
  eden space 299520K, 0% used [0x000000076b980000,0x000000076b980000,0x000000077de00000)
  from space 22528K, 19% used [0x000000077f500000,0x000000077f93c0c0,0x0000000780b00000)
  to   space 23552K, 0% used [0x000000077de00000,0x000000077de00000,0x000000077f500000)
 ParOldGen       total 98816K, used 40202K [0x00000006c2c00000, 0x00000006c8c80000, 0x000000076b980000)
  object space 98816K, 40% used [0x00000006c2c00000,0x00000006c5342ac0,0x00000006c8c80000)
 Metaspace       used 25634K, capacity 26322K, committed 26496K, reserved 1073152K
  class space    used 2910K, capacity 3097K, committed 3200K, reserved 1048576K
}
Event: 12.429 GC heap before
{Heap before GC invocations=12 (full 1):
 PSYoungGen      total 322048K, used 303856K [0x000000076b980000, 0x0000000780c80000, 0x00000007c0000000)
  eden space 299520K, 100% used [0x000000076b980000,0x000000077de00000,0x000000077de00000)
  from space 22528K, 19% used [0x000000077f500000,0x000000077f93c0c0,0x0000000780b00000)
  to   space 23552K, 0% used [0x000000077de00000,0x000000077de00000,0x000000077f500000)
 ParOldGen       total 98816K, used 40202K [0x00000006c2c00000, 0x00000006c8c80000, 0x000000076b980000)
  object space 98816K, 40% used [0x00000006c2c00000,0x00000006c5342ac0,0x00000006c8c80000)
 Metaspace       used 28243K, capacity 29220K, committed 29440K, reserved 1075200K
  class space    used 3221K, capacity 3506K, committed 3584K, reserved 1048576K
Event: 12.450 GC heap after
Heap after GC invocations=12 (full 1):
 PSYoungGen      total 323072K, used 23545K [0x000000076b980000, 0x0000000789c80000, 0x00000007c0000000)
  eden space 299520K, 0% used [0x000000076b980000,0x000000076b980000,0x000000077de00000)
  from space 23552K, 99% used [0x000000077de00000,0x000000077f4fe7d8,0x000000077f500000)
  to   space 29696K, 0% used [0x0000000787f80000,0x0000000787f80000,0x0000000789c80000)
 ParOldGen       total 98816K, used 49548K [0x00000006c2c00000, 0x00000006c8c80000, 0x000000076b980000)
  object space 98816K, 50% used [0x00000006c2c00000,0x00000006c5c633b8,0x00000006c8c80000)
 Metaspace       used 28243K, capacity 29220K, committed 29440K, reserved 1075200K
  class space    used 3221K, capacity 3506K, committed 3584K, reserved 1048576K
}
Event: 18.506 GC heap before
{Heap before GC invocations=13 (full 1):
 PSYoungGen      total 323072K, used 323065K [0x000000076b980000, 0x0000000789c80000, 0x00000007c0000000)
  eden space 299520K, 100% used [0x000000076b980000,0x000000077de00000,0x000000077de00000)
  from space 23552K, 99% used [0x000000077de00000,0x000000077f4fe7d8,0x000000077f500000)
  to   space 29696K, 0% used [0x0000000787f80000,0x0000000787f80000,0x0000000789c80000)
 ParOldGen       total 98816K, used 49548K [0x00000006c2c00000, 0x00000006c8c80000, 0x000000076b980000)
  object space 98816K, 50% used [0x00000006c2c00000,0x00000006c5c633b8,0x00000006c8c80000)
 Metaspace       used 32686K, capacity 33762K, committed 34048K, reserved 1079296K
  class space    used 3656K, capacity 3970K, committed 4096K, reserved 1048576K
Event: 18.575 GC heap after
Heap after GC invocations=13 (full 1):
 PSYoungGen      total 457728K, used 27326K [0x000000076b980000, 0x0000000789c00000, 0x00000007c0000000)
  eden space 428544K, 0% used [0x000000076b980000,0x000000076b980000,0x0000000785c00000)
  from space 29184K, 93% used [0x0000000787f80000,0x0000000789a2f8e8,0x0000000789c00000)
  to   space 32768K, 0% used [0x0000000785c00000,0x0000000785c00000,0x0000000787c00000)
 ParOldGen       total 98816K, used 72640K [0x00000006c2c00000, 0x00000006c8c80000, 0x000000076b980000)
  object space 98816K, 73% used [0x00000006c2c00000,0x00000006c72f00b8,0x00000006c8c80000)
 Metaspace       used 32686K, capacity 33762K, committed 34048K, reserved 1079296K
  class space    used 3656K, capacity 3970K, committed 4096K, reserved 1048576K
}
Event: 21.001 GC heap before
{Heap before GC invocations=14 (full 1):
 PSYoungGen      total 457728K, used 186064K [0x000000076b980000, 0x0000000789c00000, 0x00000007c0000000)
  eden space 428544K, 37% used [0x000000076b980000,0x0000000775484800,0x0000000785c00000)
  from space 29184K, 93% used [0x0000000787f80000,0x0000000789a2f8e8,0x0000000789c00000)
  to   space 32768K, 0% used [0x0000000785c00000,0x0000000785c00000,0x0000000787c00000)
 ParOldGen       total 98816K, used 72640K [0x00000006c2c00000, 0x00000006c8c80000, 0x000000076b980000)
  object space 98816K, 73% used [0x00000006c2c00000,0x00000006c72f00b8,0x00000006c8c80000)
 Metaspace       used 34175K, capacity 35396K, committed 35456K, reserved 1081344K
  class space    used 3849K, capacity 4216K, committed 4224K, reserved 1048576K
Event: 21.033 GC heap after
Heap after GC invocations=14 (full 1):
 PSYoungGen      total 461312K, used 14179K [0x000000076b980000, 0x0000000794580000, 0x00000007c0000000)
  eden space 428544K, 0% used [0x000000076b980000,0x000000076b980000,0x0000000785c00000)
  from space 32768K, 43% used [0x0000000785c00000,0x00000007869d8cf8,0x0000000787c00000)
  to   space 31232K, 0% used [0x0000000792700000,0x0000000792700000,0x0000000794580000)
 ParOldGen       total 98816K, used 95881K [0x00000006c2c00000, 0x00000006c8c80000, 0x000000076b980000)
  object space 98816K, 97% used [0x00000006c2c00000,0x00000006c89a26b8,0x00000006c8c80000)
 Metaspace       used 34175K, capacity 35396K, committed 35456K, reserved 1081344K
  class space    used 3849K, capacity 4216K, committed 4224K, reserved 1048576K
}
Event: 21.033 GC heap before
{Heap before GC invocations=15 (full 2):
 PSYoungGen      total 461312K, used 14179K [0x000000076b980000, 0x0000000794580000, 0x00000007c0000000)
  eden space 428544K, 0% used [0x000000076b980000,0x000000076b980000,0x0000000785c00000)
  from space 32768K, 43% used [0x0000000785c00000,0x00000007869d8cf8,0x0000000787c00000)
  to   space 31232K, 0% used [0x0000000792700000,0x0000000792700000,0x0000000794580000)
 ParOldGen       total 98816K, used 95881K [0x00000006c2c00000, 0x00000006c8c80000, 0x000000076b980000)
  object space 98816K, 97% used [0x00000006c2c00000,0x00000006c89a26b8,0x00000006c8c80000)
 Metaspace       used 34175K, capacity 35396K, committed 35456K, reserved 1081344K
  class space    used 3849K, capacity 4216K, committed 4224K, reserved 1048576K
Event: 21.151 GC heap after
Heap after GC invocations=15 (full 2):
 PSYoungGen      total 461312K, used 0K [0x000000076b980000, 0x0000000794580000, 0x00000007c0000000)
  eden space 428544K, 0% used [0x000000076b980000,0x000000076b980000,0x0000000785c00000)
  from space 32768K, 0% used [0x0000000785c00000,0x0000000785c00000,0x0000000787c00000)
  to   space 31232K, 0% used [0x0000000792700000,0x0000000792700000,0x0000000794580000)
 ParOldGen       total 98816K, used 54439K [0x00000006c2c00000, 0x00000006c8c80000, 0x000000076b980000)
  object space 98816K, 55% used [0x00000006c2c00000,0x00000006c6129f88,0x00000006c8c80000)
 Metaspace       used 31684K, capacity 32670K, committed 35456K, reserved 1081344K
  class space    used 3571K, capacity 3877K, committed 4224K, reserved 1048576K
}

