# JRE version: Java(TM) SE Runtime Environment (8.0_311-b11) (build 1.8.0_311-b11)
# Java VM: Java HotSpot(TM) 64-Bit Server VM (25.311-b11 mixed mode windows-amd64 compressed oops)
Heap:
 PSYoungGen      total 625664K, used 407091K [0x000000076b980000, 0x0000000798780000, 0x00000007c0000000)
  eden space 565760K, 61% used [0x000000076b980000,0x0000000780f38b18,0x000000078e200000)
  from space 59904K, 95% used [0x0000000794d00000,0x00000007984d42a8,0x0000000798780000)
  to   space 53248K, 0% used [0x000000078e200000,0x000000078e200000,0x0000000791600000)
 ParOldGen       total 337408K, used 67869K [0x00000006c2c00000, 0x00000006d7580000, 0x000000076b980000)
  object space 337408K, 20% used [0x00000006c2c00000,0x00000006c6e476b8,0x00000006d7580000)
 Metaspace       used 104525K, capacity 111441K, committed 111680K, reserved 1146880K
  class space    used 12307K, capacity 13408K, committed 13416K, reserved 1048576K
GC Heap History (10 events):
Event: 27.695 GC heap before
{Heap before GC invocations=30 (full 4):
 PSYoungGen      total 522752K, used 522745K [0x000000076b980000, 0x0000000790780000, 0x00000007c0000000)
  eden space 495616K, 100% used [0x000000076b980000,0x0000000789d80000,0x0000000789d80000)
  from space 27136K, 99% used [0x0000000789d80000,0x000000078b7fe5f8,0x000000078b800000)
  to   space 34816K, 0% used [0x000000078e580000,0x000000078e580000,0x0000000790780000)
 ParOldGen       total 337408K, used 49789K [0x00000006c2c00000, 0x00000006d7580000, 0x000000076b980000)
  object space 337408K, 14% used [0x00000006c2c00000,0x00000006c5c9f500,0x00000006d7580000)
 Metaspace       used 102088K, capacity 108659K, committed 108736K, reserved 1144832K
  class space    used 12150K, capacity 13215K, committed 13288K, reserved 1048576K
Event: 27.706 GC heap after
Heap after GC invocations=30 (full 4):
 PSYoungGen      total 562176K, used 24067K [0x000000076b980000, 0x0000000790580000, 0x00000007c0000000)
  eden space 529408K, 0% used [0x000000076b980000,0x000000076b980000,0x000000078be80000)
  from space 32768K, 73% used [0x000000078e580000,0x000000078fd00cb8,0x0000000790580000)
  to   space 36352K, 0% used [0x000000078be80000,0x000000078be80000,0x000000078e200000)
 ParOldGen       total 337408K, used 49797K [0x00000006c2c00000, 0x00000006d7580000, 0x000000076b980000)
  object space 337408K, 14% used [0x00000006c2c00000,0x00000006c5ca1500,0x00000006d7580000)
 Metaspace       used 102088K, capacity 108659K, committed 108736K, reserved 1144832K
  class space    used 12150K, capacity 13215K, committed 13288K, reserved 1048576K
}
Event: 28.815 GC heap before
{Heap before GC invocations=31 (full 4):
 PSYoungGen      total 562176K, used 553475K [0x000000076b980000, 0x0000000790580000, 0x00000007c0000000)
  eden space 529408K, 100% used [0x000000076b980000,0x000000078be80000,0x000000078be80000)
  from space 32768K, 73% used [0x000000078e580000,0x000000078fd00cb8,0x0000000790580000)
  to   space 36352K, 0% used [0x000000078be80000,0x000000078be80000,0x000000078e200000)
 ParOldGen       total 337408K, used 49797K [0x00000006c2c00000, 0x00000006d7580000, 0x000000076b980000)
  object space 337408K, 14% used [0x00000006c2c00000,0x00000006c5ca1500,0x00000006d7580000)
 Metaspace       used 102806K, capacity 109525K, committed 109760K, reserved 1146880K
  class space    used 12209K, capacity 13276K, committed 13288K, reserved 1048576K
Event: 28.835 GC heap after
Heap after GC invocations=31 (full 4):
 PSYoungGen      total 565760K, used 36329K [0x000000076b980000, 0x0000000794400000, 0x00000007c0000000)
  eden space 529408K, 0% used [0x000000076b980000,0x000000076b980000,0x000000078be80000)
  from space 36352K, 99% used [0x000000078be80000,0x000000078e1fa588,0x000000078e200000)
  to   space 47104K, 0% used [0x0000000791600000,0x0000000791600000,0x0000000794400000)
 ParOldGen       total 337408K, used 62043K [0x00000006c2c00000, 0x00000006d7580000, 0x000000076b980000)
  object space 337408K, 18% used [0x00000006c2c00000,0x00000006c6896ea8,0x00000006d7580000)
 Metaspace       used 102806K, capacity 109525K, committed 109760K, reserved 1146880K
  class space    used 12209K, capacity 13276K, committed 13288K, reserved 1048576K
}
Event: 32.414 GC heap before
{Heap before GC invocations=32 (full 4):
 PSYoungGen      total 565760K, used 565737K [0x000000076b980000, 0x0000000794400000, 0x00000007c0000000)
  eden space 529408K, 100% used [0x000000076b980000,0x000000078be80000,0x000000078be80000)
  from space 36352K, 99% used [0x000000078be80000,0x000000078e1fa588,0x000000078e200000)
  to   space 47104K, 0% used [0x0000000791600000,0x0000000791600000,0x0000000794400000)
 ParOldGen       total 337408K, used 62043K [0x00000006c2c00000, 0x00000006d7580000, 0x000000076b980000)
  object space 337408K, 18% used [0x00000006c2c00000,0x00000006c6896ea8,0x00000006d7580000)
 Metaspace       used 103563K, capacity 110407K, committed 110656K, reserved 1146880K
  class space    used 12271K, capacity 13377K, committed 13416K, reserved 1048576K
Event: 32.442 GC heap after
Heap after GC invocations=32 (full 4):
 PSYoungGen      total 612864K, used 43293K [0x000000076b980000, 0x0000000794d80000, 0x00000007c0000000)
  eden space 565760K, 0% used [0x000000076b980000,0x000000076b980000,0x000000078e200000)
  from space 47104K, 91% used [0x0000000791600000,0x0000000794047530,0x0000000794400000)
  to   space 53248K, 0% used [0x000000078e200000,0x000000078e200000,0x0000000791600000)
 ParOldGen       total 337408K, used 67853K [0x00000006c2c00000, 0x00000006d7580000, 0x000000076b980000)
  object space 337408K, 20% used [0x00000006c2c00000,0x00000006c6e436b8,0x00000006d7580000)
 Metaspace       used 103563K, capacity 110407K, committed 110656K, reserved 1146880K
  class space    used 12271K, capacity 13377K, committed 13416K, reserved 1048576K
}
Event: 33.216 GC heap before
{Heap before GC invocations=33 (full 4):
 PSYoungGen      total 612864K, used 609053K [0x000000076b980000, 0x0000000794d80000, 0x00000007c0000000)
  eden space 565760K, 100% used [0x000000076b980000,0x000000078e200000,0x000000078e200000)
  from space 47104K, 91% used [0x0000000791600000,0x0000000794047530,0x0000000794400000)
  to   space 53248K, 0% used [0x000000078e200000,0x000000078e200000,0x0000000791600000)
 ParOldGen       total 337408K, used 67853K [0x00000006c2c00000, 0x00000006d7580000, 0x000000076b980000)
  object space 337408K, 20% used [0x00000006c2c00000,0x00000006c6e436b8,0x00000006d7580000)
 Metaspace       used 103842K, capacity 110611K, committed 110656K, reserved 1146880K
  class space    used 12278K, capacity 13377K, committed 13416K, reserved 1048576K
Event: 33.231 GC heap after
Heap after GC invocations=33 (full 4):
 PSYoungGen      total 619008K, used 46957K [0x000000076b980000, 0x0000000798780000, 0x00000007c0000000)
  eden space 565760K, 0% used [0x000000076b980000,0x000000076b980000,0x000000078e200000)
  from space 53248K, 88% used [0x000000078e200000,0x0000000790fdb658,0x0000000791600000)
  to   space 59904K, 0% used [0x0000000794d00000,0x0000000794d00000,0x0000000798780000)
 ParOldGen       total 337408K, used 67861K [0x00000006c2c00000, 0x00000006d7580000, 0x000000076b980000)
  object space 337408K, 20% used [0x00000006c2c00000,0x00000006c6e456b8,0x00000006d7580000)
 Metaspace       used 103842K, capacity 110611K, committed 110656K, reserved 1146880K
  class space    used 12278K, capacity 13377K, committed 13416K, reserved 1048576K
}
Event: 36.959 GC heap before
{Heap before GC invocations=34 (full 4):
 PSYoungGen      total 619008K, used 612717K [0x000000076b980000, 0x0000000798780000, 0x00000007c0000000)
  eden space 565760K, 100% used [0x000000076b980000,0x000000078e200000,0x000000078e200000)
  from space 53248K, 88% used [0x000000078e200000,0x0000000790fdb658,0x0000000791600000)
  to   space 59904K, 0% used [0x0000000794d00000,0x0000000794d00000,0x0000000798780000)
 ParOldGen       total 337408K, used 67861K [0x00000006c2c00000, 0x00000006d7580000, 0x000000076b980000)
  object space 337408K, 20% used [0x00000006c2c00000,0x00000006c6e456b8,0x00000006d7580000)
 Metaspace       used 104519K, capacity 111441K, committed 111680K, reserved 1146880K
  class space    used 12307K, capacity 13408K, committed 13416K, reserved 1048576K
Event: 36.986 GC heap after
Heap after GC invocations=34 (full 4):
 PSYoungGen      total 625664K, used 57168K [0x000000076b980000, 0x0000000798780000, 0x00000007c0000000)
  eden space 565760K, 0% used [0x000000076b980000,0x000000076b980000,0x000000078e200000)
  from space 59904K, 95% used [0x0000000794d00000,0x00000007984d42a8,0x0000000798780000)
  to   space 53248K, 0% used [0x000000078e200000,0x000000078e200000,0x0000000791600000)
 ParOldGen       total 337408K, used 67869K [0x00000006c2c00000, 0x00000006d7580000, 0x000000076b980000)
  object space 337408K, 20% used [0x00000006c2c00000,0x00000006c6e476b8,0x00000006d7580000)
 Metaspace       used 104519K, capacity 111441K, committed 111680K, reserved 1146880K
  class space    used 12307K, capacity 13408K, committed 13416K, reserved 1048576K
}

