# JRE version: Java(TM) SE Runtime Environment (8.0_311-b11) (build 1.8.0_311-b11)
# Java VM: Java HotSpot(TM) 64-Bit Server VM (25.311-b11 mixed mode windows-amd64 compressed oops)
Heap:
 PSYoungGen      total 382976K, used 193976K [0x000000076b980000, 0x0000000784400000, 0x00000007c0000000)
  eden space 368128K, 49% used [0x000000076b980000,0x0000000776b09e78,0x0000000782100000)
  from space 14848K, 82% used [0x0000000783580000,0x0000000784164350,0x0000000784400000)
  to   space 17920K, 0% used [0x0000000782100000,0x0000000782100000,0x0000000783280000)
 ParOldGen       total 214528K, used 34609K [0x00000006c2c00000, 0x00000006cfd80000, 0x000000076b980000)
  object space 214528K, 16% used [0x00000006c2c00000,0x00000006c4dcc6d0,0x00000006cfd80000)
 Metaspace       used 88456K, capacity 93150K, committed 93400K, reserved 1130496K
  class space    used 10730K, capacity 11504K, committed 11520K, reserved 1048576K
GC Heap History (10 events):
Event: 7.770 GC heap before
{Heap before GC invocations=19 (full 3):
 PSYoungGen      total 327680K, used 416K [0x000000076b980000, 0x0000000782d00000, 0x00000007c0000000)
  eden space 314368K, 0% used [0x000000076b980000,0x000000076b980000,0x000000077ec80000)
  from space 13312K, 3% used [0x000000077fa00000,0x000000077fa68000,0x0000000780700000)
  to   space 13824K, 0% used [0x000000077ec80000,0x000000077ec80000,0x000000077fa00000)
 ParOldGen       total 162816K, used 27632K [0x00000006c2c00000, 0x00000006ccb00000, 0x000000076b980000)
  object space 162816K, 16% used [0x00000006c2c00000,0x00000006c46fc148,0x00000006ccb00000)
 Metaspace       used 56244K, capacity 58860K, committed 59096K, reserved 1101824K
  class space    used 6843K, capacity 7343K, committed 7424K, reserved 1048576K
Event: 7.884 GC heap after
Heap after GC invocations=19 (full 3):
 PSYoungGen      total 327680K, used 0K [0x000000076b980000, 0x0000000782d00000, 0x00000007c0000000)
  eden space 314368K, 0% used [0x000000076b980000,0x000000076b980000,0x000000077ec80000)
  from space 13312K, 0% used [0x000000077fa00000,0x000000077fa00000,0x0000000780700000)
  to   space 13824K, 0% used [0x000000077ec80000,0x000000077ec80000,0x000000077fa00000)
 ParOldGen       total 214528K, used 20554K [0x00000006c2c00000, 0x00000006cfd80000, 0x000000076b980000)
  object space 214528K, 9% used [0x00000006c2c00000,0x00000006c4012ab8,0x00000006cfd80000)
 Metaspace       used 56244K, capacity 58860K, committed 59096K, reserved 1101824K
  class space    used 6843K, capacity 7343K, committed 7424K, reserved 1048576K
}
Event: 9.535 GC heap before
{Heap before GC invocations=20 (full 3):
 PSYoungGen      total 327680K, used 314368K [0x000000076b980000, 0x0000000782d00000, 0x00000007c0000000)
  eden space 314368K, 100% used [0x000000076b980000,0x000000077ec80000,0x000000077ec80000)
  from space 13312K, 0% used [0x000000077fa00000,0x000000077fa00000,0x0000000780700000)
  to   space 13824K, 0% used [0x000000077ec80000,0x000000077ec80000,0x000000077fa00000)
 ParOldGen       total 214528K, used 20554K [0x00000006c2c00000, 0x00000006cfd80000, 0x000000076b980000)
  object space 214528K, 9% used [0x00000006c2c00000,0x00000006c4012ab8,0x00000006cfd80000)
 Metaspace       used 67249K, capacity 70166K, committed 70360K, reserved 1112064K
  class space    used 8190K, capacity 8702K, committed 8704K, reserved 1048576K
Event: 9.546 GC heap after
Heap after GC invocations=20 (full 3):
 PSYoungGen      total 328192K, used 12805K [0x000000076b980000, 0x0000000784480000, 0x00000007c0000000)
  eden space 314368K, 0% used [0x000000076b980000,0x000000076b980000,0x000000077ec80000)
  from space 13824K, 92% used [0x000000077ec80000,0x000000077f9014f8,0x000000077fa00000)
  to   space 15360K, 0% used [0x0000000783580000,0x0000000783580000,0x0000000784480000)
 ParOldGen       total 214528K, used 20562K [0x00000006c2c00000, 0x00000006cfd80000, 0x000000076b980000)
  object space 214528K, 9% used [0x00000006c2c00000,0x00000006c4014ab8,0x00000006cfd80000)
 Metaspace       used 67249K, capacity 70166K, committed 70360K, reserved 1112064K
  class space    used 8190K, capacity 8702K, committed 8704K, reserved 1048576K
}
Event: 10.776 GC heap before
{Heap before GC invocations=21 (full 3):
 PSYoungGen      total 328192K, used 327173K [0x000000076b980000, 0x0000000784480000, 0x00000007c0000000)
  eden space 314368K, 100% used [0x000000076b980000,0x000000077ec80000,0x000000077ec80000)
  from space 13824K, 92% used [0x000000077ec80000,0x000000077f9014f8,0x000000077fa00000)
  to   space 15360K, 0% used [0x0000000783580000,0x0000000783580000,0x0000000784480000)
 ParOldGen       total 214528K, used 20562K [0x00000006c2c00000, 0x00000006cfd80000, 0x000000076b980000)
  object space 214528K, 9% used [0x00000006c2c00000,0x00000006c4014ab8,0x00000006cfd80000)
 Metaspace       used 77459K, capacity 80964K, committed 81240K, reserved 1120256K
  class space    used 9421K, capacity 10037K, committed 10112K, reserved 1048576K
Event: 10.790 GC heap after
Heap after GC invocations=21 (full 3):
 PSYoungGen      total 382976K, used 14794K [0x000000076b980000, 0x0000000784400000, 0x00000007c0000000)
  eden space 368128K, 0% used [0x000000076b980000,0x000000076b980000,0x0000000782100000)
  from space 14848K, 99% used [0x0000000783580000,0x00000007843f2940,0x0000000784400000)
  to   space 17920K, 0% used [0x0000000782100000,0x0000000782100000,0x0000000783280000)
 ParOldGen       total 214528K, used 20570K [0x00000006c2c00000, 0x00000006cfd80000, 0x000000076b980000)
  object space 214528K, 9% used [0x00000006c2c00000,0x00000006c4016ab8,0x00000006cfd80000)
 Metaspace       used 77459K, capacity 80964K, committed 81240K, reserved 1120256K
  class space    used 9421K, capacity 10037K, committed 10112K, reserved 1048576K
}
Event: 12.102 GC heap before
{Heap before GC invocations=22 (full 3):
 PSYoungGen      total 382976K, used 382922K [0x000000076b980000, 0x0000000784400000, 0x00000007c0000000)
  eden space 368128K, 100% used [0x000000076b980000,0x0000000782100000,0x0000000782100000)
  from space 14848K, 99% used [0x0000000783580000,0x00000007843f2940,0x0000000784400000)
  to   space 17920K, 0% used [0x0000000782100000,0x0000000782100000,0x0000000783280000)
 ParOldGen       total 214528K, used 20570K [0x00000006c2c00000, 0x00000006cfd80000, 0x000000076b980000)
  object space 214528K, 9% used [0x00000006c2c00000,0x00000006c4016ab8,0x00000006cfd80000)
 Metaspace       used 84821K, capacity 89144K, committed 89432K, reserved 1128448K
  class space    used 10324K, capacity 11055K, committed 11136K, reserved 1048576K
Event: 12.118 GC heap after
Heap after GC invocations=22 (full 3):
 PSYoungGen      total 386048K, used 17891K [0x000000076b980000, 0x0000000784400000, 0x00000007c0000000)
  eden space 368128K, 0% used [0x000000076b980000,0x000000076b980000,0x0000000782100000)
  from space 17920K, 99% used [0x0000000782100000,0x0000000783278ed8,0x0000000783280000)
  to   space 14848K, 0% used [0x0000000783580000,0x0000000783580000,0x0000000784400000)
 ParOldGen       total 214528K, used 26404K [0x00000006c2c00000, 0x00000006cfd80000, 0x000000076b980000)
  object space 214528K, 12% used [0x00000006c2c00000,0x00000006c45c9290,0x00000006cfd80000)
 Metaspace       used 84821K, capacity 89144K, committed 89432K, reserved 1128448K
  class space    used 10324K, capacity 11055K, committed 11136K, reserved 1048576K
}
Event: 12.949 GC heap before
{Heap before GC invocations=23 (full 3):
 PSYoungGen      total 386048K, used 386019K [0x000000076b980000, 0x0000000784400000, 0x00000007c0000000)
  eden space 368128K, 100% used [0x000000076b980000,0x0000000782100000,0x0000000782100000)
  from space 17920K, 99% used [0x0000000782100000,0x0000000783278ed8,0x0000000783280000)
  to   space 14848K, 0% used [0x0000000783580000,0x0000000783580000,0x0000000784400000)
 ParOldGen       total 214528K, used 26404K [0x00000006c2c00000, 0x00000006cfd80000, 0x000000076b980000)
  object space 214528K, 12% used [0x00000006c2c00000,0x00000006c45c9290,0x00000006cfd80000)
 Metaspace       used 86380K, capacity 90740K, committed 90840K, reserved 1128448K
  class space    used 10465K, capacity 11211K, committed 11264K, reserved 1048576K
Event: 12.960 GC heap after
Heap after GC invocations=23 (full 3):
 PSYoungGen      total 382976K, used 12176K [0x000000076b980000, 0x0000000784400000, 0x00000007c0000000)
  eden space 368128K, 0% used [0x000000076b980000,0x000000076b980000,0x0000000782100000)
  from space 14848K, 82% used [0x0000000783580000,0x0000000784164350,0x0000000784400000)
  to   space 17920K, 0% used [0x0000000782100000,0x0000000782100000,0x0000000783280000)
 ParOldGen       total 214528K, used 34609K [0x00000006c2c00000, 0x00000006cfd80000, 0x000000076b980000)
  object space 214528K, 16% used [0x00000006c2c00000,0x00000006c4dcc6d0,0x00000006cfd80000)
 Metaspace       used 86380K, capacity 90740K, committed 90840K, reserved 1128448K
  class space    used 10465K, capacity 11211K, committed 11264K, reserved 1048576K
}

