# JRE version: Java(TM) SE Runtime Environment (8.0_311-b11) (build 1.8.0_311-b11)
# Java VM: Java HotSpot(TM) 64-Bit Server VM (25.311-b11 mixed mode windows-amd64 compressed oops)
Heap:
 PSYoungGen      total 653824K, used 109314K [0x000000076b980000, 0x0000000799900000, 0x00000007c0000000)
  eden space 603136K, 13% used [0x000000076b980000,0x00000007706343f8,0x0000000790680000)
  from space 50688K, 60% used [0x0000000790680000,0x000000079248c5b0,0x0000000793800000)
  to   space 51200K, 0% used [0x0000000796700000,0x0000000796700000,0x0000000799900000)
 ParOldGen       total 331264K, used 48559K [0x00000006c2c00000, 0x00000006d6f80000, 0x000000076b980000)
  object space 331264K, 14% used [0x00000006c2c00000,0x00000006c5b6bd20,0x00000006d6f80000)
 Metaspace       used 104212K, capacity 111070K, committed 111192K, reserved 1146880K
  class space    used 12287K, capacity 13392K, committed 13440K, reserved 1048576K
GC Heap History (10 events):
Event: 34.393 GC heap before
{Heap before GC invocations=29 (full 4):
 PSYoungGen      total 542208K, used 536525K [0x000000076b980000, 0x000000078f300000, 0x00000007c0000000)
  eden space 515584K, 100% used [0x000000076b980000,0x000000078b100000,0x000000078b100000)
  from space 26624K, 78% used [0x000000078d900000,0x000000078ed73530,0x000000078f300000)
  to   space 33792K, 0% used [0x000000078b100000,0x000000078b100000,0x000000078d200000)
 ParOldGen       total 331264K, used 41086K [0x00000006c2c00000, 0x00000006d6f80000, 0x000000076b980000)
  object space 331264K, 12% used [0x00000006c2c00000,0x00000006c541fa18,0x00000006d6f80000)
 Metaspace       used 101065K, capacity 107482K, committed 107736K, reserved 1144832K
  class space    used 11989K, capacity 13040K, committed 13056K, reserved 1048576K
Event: 34.409 GC heap after
Heap after GC invocations=29 (full 4):
 PSYoungGen      total 549376K, used 25290K [0x000000076b980000, 0x0000000792100000, 0x00000007c0000000)
  eden space 515584K, 0% used [0x000000076b980000,0x000000076b980000,0x000000078b100000)
  from space 33792K, 74% used [0x000000078b100000,0x000000078c9b2a58,0x000000078d200000)
  to   space 36352K, 0% used [0x000000078fd80000,0x000000078fd80000,0x0000000792100000)
 ParOldGen       total 331264K, used 41094K [0x00000006c2c00000, 0x00000006d6f80000, 0x000000076b980000)
  object space 331264K, 12% used [0x00000006c2c00000,0x00000006c5421a18,0x00000006d6f80000)
 Metaspace       used 101065K, capacity 107482K, committed 107736K, reserved 1144832K
  class space    used 11989K, capacity 13040K, committed 13056K, reserved 1048576K
}
Event: 38.721 GC heap before
{Heap before GC invocations=30 (full 4):
 PSYoungGen      total 549376K, used 540874K [0x000000076b980000, 0x0000000792100000, 0x00000007c0000000)
  eden space 515584K, 100% used [0x000000076b980000,0x000000078b100000,0x000000078b100000)
  from space 33792K, 74% used [0x000000078b100000,0x000000078c9b2a58,0x000000078d200000)
  to   space 36352K, 0% used [0x000000078fd80000,0x000000078fd80000,0x0000000792100000)
 ParOldGen       total 331264K, used 41094K [0x00000006c2c00000, 0x00000006d6f80000, 0x000000076b980000)
  object space 331264K, 12% used [0x00000006c2c00000,0x00000006c5421a18,0x00000006d6f80000)
 Metaspace       used 102563K, capacity 109196K, committed 109272K, reserved 1144832K
  class space    used 12190K, capacity 13259K, committed 13312K, reserved 1048576K
Event: 38.743 GC heap after
Heap after GC invocations=30 (full 4):
 PSYoungGen      total 590848K, used 29468K [0x000000076b980000, 0x0000000792400000, 0x00000007c0000000)
  eden space 554496K, 0% used [0x000000076b980000,0x000000076b980000,0x000000078d700000)
  from space 36352K, 81% used [0x000000078fd80000,0x0000000791a47358,0x0000000792100000)
  to   space 39424K, 0% used [0x000000078d700000,0x000000078d700000,0x000000078fd80000)
 ParOldGen       total 331264K, used 41102K [0x00000006c2c00000, 0x00000006d6f80000, 0x000000076b980000)
  object space 331264K, 12% used [0x00000006c2c00000,0x00000006c5423a18,0x00000006d6f80000)
 Metaspace       used 102563K, capacity 109196K, committed 109272K, reserved 1144832K
  class space    used 12190K, capacity 13259K, committed 13312K, reserved 1048576K
}
Event: 39.910 GC heap before
{Heap before GC invocations=31 (full 4):
 PSYoungGen      total 590848K, used 583964K [0x000000076b980000, 0x0000000792400000, 0x00000007c0000000)
  eden space 554496K, 100% used [0x000000076b980000,0x000000078d700000,0x000000078d700000)
  from space 36352K, 81% used [0x000000078fd80000,0x0000000791a47358,0x0000000792100000)
  to   space 39424K, 0% used [0x000000078d700000,0x000000078d700000,0x000000078fd80000)
 ParOldGen       total 331264K, used 41102K [0x00000006c2c00000, 0x00000006d6f80000, 0x000000076b980000)
  object space 331264K, 12% used [0x00000006c2c00000,0x00000006c5423a18,0x00000006d6f80000)
 Metaspace       used 103048K, capacity 109706K, committed 109784K, reserved 1146880K
  class space    used 12210K, capacity 13276K, committed 13312K, reserved 1048576K
Event: 39.932 GC heap after
Heap after GC invocations=31 (full 4):
 PSYoungGen      total 593920K, used 39419K [0x000000076b980000, 0x0000000796700000, 0x00000007c0000000)
  eden space 554496K, 0% used [0x000000076b980000,0x000000076b980000,0x000000078d700000)
  from space 39424K, 99% used [0x000000078d700000,0x000000078fd7ed00,0x000000078fd80000)
  to   space 48128K, 0% used [0x0000000793800000,0x0000000793800000,0x0000000796700000)
 ParOldGen       total 331264K, used 48543K [0x00000006c2c00000, 0x00000006d6f80000, 0x000000076b980000)
  object space 331264K, 14% used [0x00000006c2c00000,0x00000006c5b67d20,0x00000006d6f80000)
 Metaspace       used 103048K, capacity 109706K, committed 109784K, reserved 1146880K
  class space    used 12210K, capacity 13276K, committed 13312K, reserved 1048576K
}
Event: 44.576 GC heap before
{Heap before GC invocations=32 (full 4):
 PSYoungGen      total 593920K, used 593915K [0x000000076b980000, 0x0000000796700000, 0x00000007c0000000)
  eden space 554496K, 100% used [0x000000076b980000,0x000000078d700000,0x000000078d700000)
  from space 39424K, 99% used [0x000000078d700000,0x000000078fd7ed00,0x000000078fd80000)
  to   space 48128K, 0% used [0x0000000793800000,0x0000000793800000,0x0000000796700000)
 ParOldGen       total 331264K, used 48543K [0x00000006c2c00000, 0x00000006d6f80000, 0x000000076b980000)
  object space 331264K, 14% used [0x00000006c2c00000,0x00000006c5b67d20,0x00000006d6f80000)
 Metaspace       used 104039K, capacity 110852K, committed 110936K, reserved 1146880K
  class space    used 12278K, capacity 13377K, committed 13440K, reserved 1048576K
Event: 44.611 GC heap after
Heap after GC invocations=32 (full 4):
 PSYoungGen      total 651264K, used 34136K [0x000000076b980000, 0x0000000796980000, 0x00000007c0000000)
  eden space 603136K, 0% used [0x000000076b980000,0x000000076b980000,0x0000000790680000)
  from space 48128K, 70% used [0x0000000793800000,0x0000000795956278,0x0000000796700000)
  to   space 50688K, 0% used [0x0000000790680000,0x0000000790680000,0x0000000793800000)
 ParOldGen       total 331264K, used 48551K [0x00000006c2c00000, 0x00000006d6f80000, 0x000000076b980000)
  object space 331264K, 14% used [0x00000006c2c00000,0x00000006c5b69d20,0x00000006d6f80000)
 Metaspace       used 104039K, capacity 110852K, committed 110936K, reserved 1146880K
  class space    used 12278K, capacity 13377K, committed 13440K, reserved 1048576K
}
Event: 48.131 GC heap before
{Heap before GC invocations=33 (full 4):
 PSYoungGen      total 651264K, used 637272K [0x000000076b980000, 0x0000000796980000, 0x00000007c0000000)
  eden space 603136K, 100% used [0x000000076b980000,0x0000000790680000,0x0000000790680000)
  from space 48128K, 70% used [0x0000000793800000,0x0000000795956278,0x0000000796700000)
  to   space 50688K, 0% used [0x0000000790680000,0x0000000790680000,0x0000000793800000)
 ParOldGen       total 331264K, used 48551K [0x00000006c2c00000, 0x00000006d6f80000, 0x000000076b980000)
  object space 331264K, 14% used [0x00000006c2c00000,0x00000006c5b69d20,0x00000006d6f80000)
 Metaspace       used 104178K, capacity 110964K, committed 111192K, reserved 1146880K
  class space    used 12283K, capacity 13385K, committed 13440K, reserved 1048576K
Event: 48.146 GC heap after
Heap after GC invocations=33 (full 4):
 PSYoungGen      total 653824K, used 30769K [0x000000076b980000, 0x0000000799900000, 0x00000007c0000000)
  eden space 603136K, 0% used [0x000000076b980000,0x000000076b980000,0x0000000790680000)
  from space 50688K, 60% used [0x0000000790680000,0x000000079248c5b0,0x0000000793800000)
  to   space 51200K, 0% used [0x0000000796700000,0x0000000796700000,0x0000000799900000)
 ParOldGen       total 331264K, used 48559K [0x00000006c2c00000, 0x00000006d6f80000, 0x000000076b980000)
  object space 331264K, 14% used [0x00000006c2c00000,0x00000006c5b6bd20,0x00000006d6f80000)
 Metaspace       used 104178K, capacity 110964K, committed 111192K, reserved 1146880K
  class space    used 12283K, capacity 13385K, committed 13440K, reserved 1048576K
}

