# JRE version: Java(TM) SE Runtime Environment (8.0_311-b11) (build 1.8.0_311-b11)
# Java VM: Java HotSpot(TM) 64-Bit Server VM (25.311-b11 mixed mode windows-amd64 compressed oops)
Heap:
 PSYoungGen      total 159232K, used 81644K [0x000000076b980000, 0x0000000775f80000, 0x00000007c0000000)
  eden space 150528K, 48% used [0x000000076b980000,0x00000007700bb1a0,0x0000000774c80000)
  from space 8704K, 99% used [0x0000000775480000,0x0000000775cffe98,0x0000000775d00000)
  to   space 8192K, 0% used [0x0000000774c80000,0x0000000774c80000,0x0000000775480000)
 ParOldGen       total 97280K, used 14292K [0x00000006c2c00000, 0x00000006c8b00000, 0x000000076b980000)
  object space 97280K, 14% used [0x00000006c2c00000,0x00000006c39f5250,0x00000006c8b00000)
 Metaspace       used 42660K, capacity 45186K, committed 45440K, reserved 1089536K
  class space    used 5187K, capacity 5656K, committed 5760K, reserved 1048576K
GC Heap History (10 events):
Event: 4.094 GC heap before
{Heap before GC invocations=12 (full 1):
 PSYoungGen      total 159232K, used 155646K [0x000000076b980000, 0x0000000775f80000, 0x00000007c0000000)
  eden space 150528K, 100% used [0x000000076b980000,0x0000000774c80000,0x0000000774c80000)
  from space 8704K, 58% used [0x0000000775480000,0x000000077597f9c0,0x0000000775d00000)
  to   space 8192K, 0% used [0x0000000774c80000,0x0000000774c80000,0x0000000775480000)
 ParOldGen       total 97280K, used 8901K [0x00000006c2c00000, 0x00000006c8b00000, 0x000000076b980000)
  object space 97280K, 9% used [0x00000006c2c00000,0x00000006c34b1440,0x00000006c8b00000)
 Metaspace       used 32693K, capacity 34544K, committed 34816K, reserved 1079296K
  class space    used 3936K, capacity 4289K, committed 4352K, reserved 1048576K
Event: 4.098 GC heap after
Heap after GC invocations=12 (full 1):
 PSYoungGen      total 158720K, used 5204K [0x000000076b980000, 0x0000000775f80000, 0x00000007c0000000)
  eden space 150528K, 0% used [0x000000076b980000,0x000000076b980000,0x0000000774c80000)
  from space 8192K, 63% used [0x0000000774c80000,0x0000000775195128,0x0000000775480000)
  to   space 8704K, 0% used [0x0000000775480000,0x0000000775480000,0x0000000775d00000)
 ParOldGen       total 97280K, used 11765K [0x00000006c2c00000, 0x00000006c8b00000, 0x000000076b980000)
  object space 97280K, 12% used [0x00000006c2c00000,0x00000006c377d4a0,0x00000006c8b00000)
 Metaspace       used 32693K, capacity 34544K, committed 34816K, reserved 1079296K
  class space    used 3936K, capacity 4289K, committed 4352K, reserved 1048576K
}
Event: 4.186 GC heap before
{Heap before GC invocations=13 (full 1):
 PSYoungGen      total 158720K, used 34155K [0x000000076b980000, 0x0000000775f80000, 0x00000007c0000000)
  eden space 150528K, 19% used [0x000000076b980000,0x000000076d5c5ae0,0x0000000774c80000)
  from space 8192K, 63% used [0x0000000774c80000,0x0000000775195128,0x0000000775480000)
  to   space 8704K, 0% used [0x0000000775480000,0x0000000775480000,0x0000000775d00000)
 ParOldGen       total 97280K, used 11765K [0x00000006c2c00000, 0x00000006c8b00000, 0x000000076b980000)
  object space 97280K, 12% used [0x00000006c2c00000,0x00000006c377d4a0,0x00000006c8b00000)
 Metaspace       used 33465K, capacity 35316K, committed 35456K, reserved 1081344K
  class space    used 4041K, capacity 4417K, committed 4480K, reserved 1048576K
Event: 4.188 GC heap after
Heap after GC invocations=13 (full 1):
 PSYoungGen      total 159232K, used 1446K [0x000000076b980000, 0x0000000775f80000, 0x00000007c0000000)
  eden space 150528K, 0% used [0x000000076b980000,0x000000076b980000,0x0000000774c80000)
  from space 8704K, 16% used [0x0000000775480000,0x00000007755e9bb0,0x0000000775d00000)
  to   space 8192K, 0% used [0x0000000774c80000,0x0000000774c80000,0x0000000775480000)
 ParOldGen       total 97280K, used 14262K [0x00000006c2c00000, 0x00000006c8b00000, 0x000000076b980000)
  object space 97280K, 14% used [0x00000006c2c00000,0x00000006c39edbd8,0x00000006c8b00000)
 Metaspace       used 33465K, capacity 35316K, committed 35456K, reserved 1081344K
  class space    used 4041K, capacity 4417K, committed 4480K, reserved 1048576K
}
Event: 4.188 GC heap before
{Heap before GC invocations=14 (full 2):
 PSYoungGen      total 159232K, used 1446K [0x000000076b980000, 0x0000000775f80000, 0x00000007c0000000)
  eden space 150528K, 0% used [0x000000076b980000,0x000000076b980000,0x0000000774c80000)
  from space 8704K, 16% used [0x0000000775480000,0x00000007755e9bb0,0x0000000775d00000)
  to   space 8192K, 0% used [0x0000000774c80000,0x0000000774c80000,0x0000000775480000)
 ParOldGen       total 97280K, used 14262K [0x00000006c2c00000, 0x00000006c8b00000, 0x000000076b980000)
  object space 97280K, 14% used [0x00000006c2c00000,0x00000006c39edbd8,0x00000006c8b00000)
 Metaspace       used 33465K, capacity 35316K, committed 35456K, reserved 1081344K
  class space    used 4041K, capacity 4417K, committed 4480K, reserved 1048576K
Event: 4.257 GC heap after
Heap after GC invocations=14 (full 2):
 PSYoungGen      total 159232K, used 0K [0x000000076b980000, 0x0000000775f80000, 0x00000007c0000000)
  eden space 150528K, 0% used [0x000000076b980000,0x000000076b980000,0x0000000774c80000)
  from space 8704K, 0% used [0x0000000775480000,0x0000000775480000,0x0000000775d00000)
  to   space 8192K, 0% used [0x0000000774c80000,0x0000000774c80000,0x0000000775480000)
 ParOldGen       total 97280K, used 13951K [0x00000006c2c00000, 0x00000006c8b00000, 0x000000076b980000)
  object space 97280K, 14% used [0x00000006c2c00000,0x00000006c399fce8,0x00000006c8b00000)
 Metaspace       used 33465K, capacity 35316K, committed 35456K, reserved 1081344K
  class space    used 4041K, capacity 4417K, committed 4480K, reserved 1048576K
}
Event: 4.800 GC heap before
{Heap before GC invocations=15 (full 2):
 PSYoungGen      total 159232K, used 150528K [0x000000076b980000, 0x0000000775f80000, 0x00000007c0000000)
  eden space 150528K, 100% used [0x000000076b980000,0x0000000774c80000,0x0000000774c80000)
  from space 8704K, 0% used [0x0000000775480000,0x0000000775480000,0x0000000775d00000)
  to   space 8192K, 0% used [0x0000000774c80000,0x0000000774c80000,0x0000000775480000)
 ParOldGen       total 97280K, used 13951K [0x00000006c2c00000, 0x00000006c8b00000, 0x000000076b980000)
  object space 97280K, 14% used [0x00000006c2c00000,0x00000006c399fce8,0x00000006c8b00000)
 Metaspace       used 36750K, capacity 38880K, committed 39168K, reserved 1083392K
  class space    used 4418K, capacity 4835K, committed 4864K, reserved 1048576K
Event: 4.803 GC heap after
Heap after GC invocations=15 (full 2):
 PSYoungGen      total 158720K, used 6445K [0x000000076b980000, 0x0000000775f80000, 0x00000007c0000000)
  eden space 150528K, 0% used [0x000000076b980000,0x000000076b980000,0x0000000774c80000)
  from space 8192K, 78% used [0x0000000774c80000,0x00000007752cb788,0x0000000775480000)
  to   space 8704K, 0% used [0x0000000775480000,0x0000000775480000,0x0000000775d00000)
 ParOldGen       total 97280K, used 13959K [0x00000006c2c00000, 0x00000006c8b00000, 0x000000076b980000)
  object space 97280K, 14% used [0x00000006c2c00000,0x00000006c39a1ce8,0x00000006c8b00000)
 Metaspace       used 36750K, capacity 38880K, committed 39168K, reserved 1083392K
  class space    used 4418K, capacity 4835K, committed 4864K, reserved 1048576K
}
Event: 5.541 GC heap before
{Heap before GC invocations=16 (full 2):
 PSYoungGen      total 158720K, used 156973K [0x000000076b980000, 0x0000000775f80000, 0x00000007c0000000)
  eden space 150528K, 100% used [0x000000076b980000,0x0000000774c80000,0x0000000774c80000)
  from space 8192K, 78% used [0x0000000774c80000,0x00000007752cb788,0x0000000775480000)
  to   space 8704K, 0% used [0x0000000775480000,0x0000000775480000,0x0000000775d00000)
 ParOldGen       total 97280K, used 13959K [0x00000006c2c00000, 0x00000006c8b00000, 0x000000076b980000)
  object space 97280K, 14% used [0x00000006c2c00000,0x00000006c39a1ce8,0x00000006c8b00000)
 Metaspace       used 41164K, capacity 43616K, committed 43904K, reserved 1087488K
  class space    used 4980K, capacity 5453K, committed 5504K, reserved 1048576K
Event: 5.547 GC heap after
Heap after GC invocations=16 (full 2):
 PSYoungGen      total 159232K, used 8703K [0x000000076b980000, 0x0000000775f80000, 0x00000007c0000000)
  eden space 150528K, 0% used [0x000000076b980000,0x000000076b980000,0x0000000774c80000)
  from space 8704K, 99% used [0x0000000775480000,0x0000000775cffe98,0x0000000775d00000)
  to   space 8192K, 0% used [0x0000000774c80000,0x0000000774c80000,0x0000000775480000)
 ParOldGen       total 97280K, used 14292K [0x00000006c2c00000, 0x00000006c8b00000, 0x000000076b980000)
  object space 97280K, 14% used [0x00000006c2c00000,0x00000006c39f5250,0x00000006c8b00000)
 Metaspace       used 41164K, capacity 43616K, committed 43904K, reserved 1087488K
  class space    used 4980K, capacity 5453K, committed 5504K, reserved 1048576K
}

