# JRE version: Java(TM) SE Runtime Environment (8.0_311-b11) (build 1.8.0_311-b11)
# Java VM: Java HotSpot(TM) 64-Bit Server VM (25.311-b11 mixed mode windows-amd64 compressed oops)
Heap:
 PSYoungGen      total 223744K, used 59022K [0x000000076b980000, 0x000000077d080000, 0x00000007c0000000)
  eden space 215552K, 23% used [0x000000076b980000,0x000000076eb2a160,0x0000000778c00000)
  from space 8192K, 99% used [0x0000000778c00000,0x00000007793f97e0,0x0000000779400000)
  to   space 9728K, 0% used [0x000000077c700000,0x000000077c700000,0x000000077d080000)
 ParOldGen       total 100864K, used 15474K [0x00000006c2c00000, 0x00000006c8e80000, 0x000000076b980000)
  object space 100864K, 15% used [0x00000006c2c00000,0x00000006c3b1c978,0x00000006c8e80000)
 Metaspace       used 39814K, capacity 42108K, committed 42240K, reserved 1085440K
  class space    used 4808K, capacity 5253K, committed 5376K, reserved 1048576K
GC Heap History (10 events):
Event: 3.992 GC heap before
{Heap before GC invocations=11 (full 1):
 PSYoungGen      total 111616K, used 110187K [0x000000076b980000, 0x0000000775900000, 0x00000007c0000000)
  eden space 103424K, 99% used [0x000000076b980000,0x0000000771e7aaf0,0x0000000771e80000)
  from space 8192K, 82% used [0x0000000771e80000,0x00000007725203d0,0x0000000772680000)
  to   space 8704K, 0% used [0x0000000775080000,0x0000000775080000,0x0000000775900000)
 ParOldGen       total 100864K, used 7444K [0x00000006c2c00000, 0x00000006c8e80000, 0x000000076b980000)
  object space 100864K, 7% used [0x00000006c2c00000,0x00000006c33450f8,0x00000006c8e80000)
 Metaspace       used 30484K, capacity 32280K, committed 32512K, reserved 1077248K
  class space    used 3692K, capacity 4055K, committed 4096K, reserved 1048576K
Event: 3.998 GC heap after
Heap after GC invocations=11 (full 1):
 PSYoungGen      total 155136K, used 5204K [0x000000076b980000, 0x0000000775e00000, 0x00000007c0000000)
  eden space 146432K, 0% used [0x000000076b980000,0x000000076b980000,0x0000000774880000)
  from space 8704K, 59% used [0x0000000775080000,0x00000007755951d0,0x0000000775900000)
  to   space 8192K, 0% used [0x0000000774880000,0x0000000774880000,0x0000000775080000)
 ParOldGen       total 100864K, used 8976K [0x00000006c2c00000, 0x00000006c8e80000, 0x000000076b980000)
  object space 100864K, 8% used [0x00000006c2c00000,0x00000006c34c4138,0x00000006c8e80000)
 Metaspace       used 30484K, capacity 32280K, committed 32512K, reserved 1077248K
  class space    used 3692K, capacity 4055K, committed 4096K, reserved 1048576K
}
Event: 4.150 GC heap before
{Heap before GC invocations=12 (full 1):
 PSYoungGen      total 155136K, used 151636K [0x000000076b980000, 0x0000000775e00000, 0x00000007c0000000)
  eden space 146432K, 100% used [0x000000076b980000,0x0000000774880000,0x0000000774880000)
  from space 8704K, 59% used [0x0000000775080000,0x00000007755951d0,0x0000000775900000)
  to   space 8192K, 0% used [0x0000000774880000,0x0000000774880000,0x0000000775080000)
 ParOldGen       total 100864K, used 8976K [0x00000006c2c00000, 0x00000006c8e80000, 0x000000076b980000)
  object space 100864K, 8% used [0x00000006c2c00000,0x00000006c34c4138,0x00000006c8e80000)
 Metaspace       used 32548K, capacity 34400K, committed 34560K, reserved 1079296K
  class space    used 3924K, capacity 4289K, committed 4352K, reserved 1048576K
Event: 4.155 GC heap after
Heap after GC invocations=12 (full 1):
 PSYoungGen      total 154624K, used 4954K [0x000000076b980000, 0x0000000779c00000, 0x00000007c0000000)
  eden space 146432K, 0% used [0x000000076b980000,0x000000076b980000,0x0000000774880000)
  from space 8192K, 60% used [0x0000000774880000,0x0000000774d56bf8,0x0000000775080000)
  to   space 8192K, 0% used [0x0000000779400000,0x0000000779400000,0x0000000779c00000)
 ParOldGen       total 100864K, used 11796K [0x00000006c2c00000, 0x00000006c8e80000, 0x000000076b980000)
  object space 100864K, 11% used [0x00000006c2c00000,0x00000006c3785328,0x00000006c8e80000)
 Metaspace       used 32548K, capacity 34400K, committed 34560K, reserved 1079296K
  class space    used 3924K, capacity 4289K, committed 4352K, reserved 1048576K
}
Event: 4.252 GC heap before
{Heap before GC invocations=13 (full 1):
 PSYoungGen      total 154624K, used 38084K [0x000000076b980000, 0x0000000779c00000, 0x00000007c0000000)
  eden space 146432K, 22% used [0x000000076b980000,0x000000076d9da4e0,0x0000000774880000)
  from space 8192K, 60% used [0x0000000774880000,0x0000000774d56bf8,0x0000000775080000)
  to   space 8192K, 0% used [0x0000000779400000,0x0000000779400000,0x0000000779c00000)
 ParOldGen       total 100864K, used 11796K [0x00000006c2c00000, 0x00000006c8e80000, 0x000000076b980000)
  object space 100864K, 11% used [0x00000006c2c00000,0x00000006c3785328,0x00000006c8e80000)
 Metaspace       used 33460K, capacity 35296K, committed 35456K, reserved 1081344K
  class space    used 4044K, capacity 4417K, committed 4480K, reserved 1048576K
Event: 4.256 GC heap after
Heap after GC invocations=13 (full 1):
 PSYoungGen      total 223744K, used 1649K [0x000000076b980000, 0x0000000779e00000, 0x00000007c0000000)
  eden space 215552K, 0% used [0x000000076b980000,0x000000076b980000,0x0000000778c00000)
  from space 8192K, 20% used [0x0000000779400000,0x000000077959c488,0x0000000779c00000)
  to   space 8192K, 0% used [0x0000000778c00000,0x0000000778c00000,0x0000000779400000)
 ParOldGen       total 100864K, used 14265K [0x00000006c2c00000, 0x00000006c8e80000, 0x000000076b980000)
  object space 100864K, 14% used [0x00000006c2c00000,0x00000006c39ee760,0x00000006c8e80000)
 Metaspace       used 33460K, capacity 35296K, committed 35456K, reserved 1081344K
  class space    used 4044K, capacity 4417K, committed 4480K, reserved 1048576K
}
Event: 4.256 GC heap before
{Heap before GC invocations=14 (full 2):
 PSYoungGen      total 223744K, used 1649K [0x000000076b980000, 0x0000000779e00000, 0x00000007c0000000)
  eden space 215552K, 0% used [0x000000076b980000,0x000000076b980000,0x0000000778c00000)
  from space 8192K, 20% used [0x0000000779400000,0x000000077959c488,0x0000000779c00000)
  to   space 8192K, 0% used [0x0000000778c00000,0x0000000778c00000,0x0000000779400000)
 ParOldGen       total 100864K, used 14265K [0x00000006c2c00000, 0x00000006c8e80000, 0x000000076b980000)
  object space 100864K, 14% used [0x00000006c2c00000,0x00000006c39ee760,0x00000006c8e80000)
 Metaspace       used 33460K, capacity 35296K, committed 35456K, reserved 1081344K
  class space    used 4044K, capacity 4417K, committed 4480K, reserved 1048576K
Event: 4.334 GC heap after
Heap after GC invocations=14 (full 2):
 PSYoungGen      total 223744K, used 0K [0x000000076b980000, 0x0000000779e00000, 0x00000007c0000000)
  eden space 215552K, 0% used [0x000000076b980000,0x000000076b980000,0x0000000778c00000)
  from space 8192K, 0% used [0x0000000779400000,0x0000000779400000,0x0000000779c00000)
  to   space 8192K, 0% used [0x0000000778c00000,0x0000000778c00000,0x0000000779400000)
 ParOldGen       total 100864K, used 14093K [0x00000006c2c00000, 0x00000006c8e80000, 0x000000076b980000)
  object space 100864K, 13% used [0x00000006c2c00000,0x00000006c39c3588,0x00000006c8e80000)
 Metaspace       used 33460K, capacity 35296K, committed 35456K, reserved 1081344K
  class space    used 4044K, capacity 4417K, committed 4480K, reserved 1048576K
}
Event: 5.263 GC heap before
{Heap before GC invocations=15 (full 2):
 PSYoungGen      total 223744K, used 215552K [0x000000076b980000, 0x0000000779e00000, 0x00000007c0000000)
  eden space 215552K, 100% used [0x000000076b980000,0x0000000778c00000,0x0000000778c00000)
  from space 8192K, 0% used [0x0000000779400000,0x0000000779400000,0x0000000779c00000)
  to   space 8192K, 0% used [0x0000000778c00000,0x0000000778c00000,0x0000000779400000)
 ParOldGen       total 100864K, used 14093K [0x00000006c2c00000, 0x00000006c8e80000, 0x000000076b980000)
  object space 100864K, 13% used [0x00000006c2c00000,0x00000006c39c3588,0x00000006c8e80000)
 Metaspace       used 38391K, capacity 40686K, committed 40960K, reserved 1085440K
  class space    used 4633K, capacity 5058K, committed 5120K, reserved 1048576K
Event: 5.269 GC heap after
Heap after GC invocations=15 (full 2):
 PSYoungGen      total 223744K, used 8165K [0x000000076b980000, 0x000000077d080000, 0x00000007c0000000)
  eden space 215552K, 0% used [0x000000076b980000,0x000000076b980000,0x0000000778c00000)
  from space 8192K, 99% used [0x0000000778c00000,0x00000007793f97e0,0x0000000779400000)
  to   space 9728K, 0% used [0x000000077c700000,0x000000077c700000,0x000000077d080000)
 ParOldGen       total 100864K, used 15474K [0x00000006c2c00000, 0x00000006c8e80000, 0x000000076b980000)
  object space 100864K, 15% used [0x00000006c2c00000,0x00000006c3b1c978,0x00000006c8e80000)
 Metaspace       used 38391K, capacity 40686K, committed 40960K, reserved 1085440K
  class space    used 4633K, capacity 5058K, committed 5120K, reserved 1048576K
}

