# JRE version: Java(TM) SE Runtime Environment (8.0_311-b11) (build 1.8.0_311-b11)
# Java VM: Java HotSpot(TM) 64-Bit Server VM (25.311-b11 mixed mode windows-amd64 compressed oops)
Heap:
 PSYoungGen      total 210944K, used 21420K [0x000000076b980000, 0x000000077bb80000, 0x00000007c0000000)
  eden space 202240K, 6% used [0x000000076b980000,0x000000076c5ec620,0x0000000777f00000)
  from space 8704K, 99% used [0x0000000777f00000,0x000000077877ed80,0x0000000778780000)
  to   space 10240K, 0% used [0x000000077b180000,0x000000077b180000,0x000000077bb80000)
 ParOldGen       total 174080K, used 14869K [0x00000006c2c00000, 0x00000006cd600000, 0x000000076b980000)
  object space 174080K, 8% used [0x00000006c2c00000,0x00000006c3a85618,0x00000006cd600000)
 Metaspace       used 38444K, capacity 40778K, committed 40960K, reserved 1085440K
  class space    used 4640K, capacity 5090K, committed 5120K, reserved 1048576K
GC Heap History (10 events):
Event: 3.026 GC heap before
{Heap before GC invocations=11 (full 1):
 PSYoungGen      total 108544K, used 108202K [0x000000076b980000, 0x0000000775300000, 0x00000007c0000000)
  eden space 100352K, 100% used [0x000000076b980000,0x0000000771b80000,0x0000000771b80000)
  from space 8192K, 95% used [0x0000000771b80000,0x000000077232aaa8,0x0000000772380000)
  to   space 8704K, 0% used [0x0000000774a80000,0x0000000774a80000,0x0000000775300000)
 ParOldGen       total 103936K, used 6610K [0x00000006c2c00000, 0x00000006c9180000, 0x000000076b980000)
  object space 103936K, 6% used [0x00000006c2c00000,0x00000006c3274888,0x00000006c9180000)
 Metaspace       used 30031K, capacity 31864K, committed 32000K, reserved 1077248K
  class space    used 3664K, capacity 4023K, committed 4096K, reserved 1048576K
Event: 3.030 GC heap after
Heap after GC invocations=11 (full 1):
 PSYoungGen      total 148480K, used 5723K [0x000000076b980000, 0x0000000775880000, 0x00000007c0000000)
  eden space 139776K, 0% used [0x000000076b980000,0x000000076b980000,0x0000000774200000)
  from space 8704K, 65% used [0x0000000774a80000,0x0000000775016d78,0x0000000775300000)
  to   space 8704K, 0% used [0x0000000774200000,0x0000000774200000,0x0000000774a80000)
 ParOldGen       total 103936K, used 8125K [0x00000006c2c00000, 0x00000006c9180000, 0x000000076b980000)
  object space 103936K, 7% used [0x00000006c2c00000,0x00000006c33ef738,0x00000006c9180000)
 Metaspace       used 30031K, capacity 31864K, committed 32000K, reserved 1077248K
  class space    used 3664K, capacity 4023K, committed 4096K, reserved 1048576K
}
Event: 3.180 GC heap before
{Heap before GC invocations=12 (full 1):
 PSYoungGen      total 148480K, used 145499K [0x000000076b980000, 0x0000000775880000, 0x00000007c0000000)
  eden space 139776K, 100% used [0x000000076b980000,0x0000000774200000,0x0000000774200000)
  from space 8704K, 65% used [0x0000000774a80000,0x0000000775016d78,0x0000000775300000)
  to   space 8704K, 0% used [0x0000000774200000,0x0000000774200000,0x0000000774a80000)
 ParOldGen       total 103936K, used 8125K [0x00000006c2c00000, 0x00000006c9180000, 0x000000076b980000)
  object space 103936K, 7% used [0x00000006c2c00000,0x00000006c33ef738,0x00000006c9180000)
 Metaspace       used 32212K, capacity 34016K, committed 34304K, reserved 1079296K
  class space    used 3879K, capacity 4225K, committed 4352K, reserved 1048576K
Event: 3.183 GC heap after
Heap after GC invocations=12 (full 1):
 PSYoungGen      total 148480K, used 5604K [0x000000076b980000, 0x0000000779000000, 0x00000007c0000000)
  eden space 139776K, 0% used [0x000000076b980000,0x000000076b980000,0x0000000774200000)
  from space 8704K, 64% used [0x0000000774200000,0x00000007747790b8,0x0000000774a80000)
  to   space 8704K, 0% used [0x0000000778780000,0x0000000778780000,0x0000000779000000)
 ParOldGen       total 103936K, used 10833K [0x00000006c2c00000, 0x00000006c9180000, 0x000000076b980000)
  object space 103936K, 10% used [0x00000006c2c00000,0x00000006c36947a8,0x00000006c9180000)
 Metaspace       used 32212K, capacity 34016K, committed 34304K, reserved 1079296K
  class space    used 3879K, capacity 4225K, committed 4352K, reserved 1048576K
}
Event: 3.289 GC heap before
{Heap before GC invocations=13 (full 1):
 PSYoungGen      total 148480K, used 53233K [0x000000076b980000, 0x0000000779000000, 0x00000007c0000000)
  eden space 139776K, 34% used [0x000000076b980000,0x000000076e8034e0,0x0000000774200000)
  from space 8704K, 64% used [0x0000000774200000,0x00000007747790b8,0x0000000774a80000)
  to   space 8704K, 0% used [0x0000000778780000,0x0000000778780000,0x0000000779000000)
 ParOldGen       total 103936K, used 10833K [0x00000006c2c00000, 0x00000006c9180000, 0x000000076b980000)
  object space 103936K, 10% used [0x00000006c2c00000,0x00000006c36947a8,0x00000006c9180000)
 Metaspace       used 33453K, capacity 35296K, committed 35456K, reserved 1081344K
  class space    used 4040K, capacity 4417K, committed 4480K, reserved 1048576K
Event: 3.292 GC heap after
Heap after GC invocations=13 (full 1):
 PSYoungGen      total 210944K, used 2107K [0x000000076b980000, 0x0000000779080000, 0x00000007c0000000)
  eden space 202240K, 0% used [0x000000076b980000,0x000000076b980000,0x0000000777f00000)
  from space 8704K, 24% used [0x0000000778780000,0x000000077898ee18,0x0000000779000000)
  to   space 8704K, 0% used [0x0000000777f00000,0x0000000777f00000,0x0000000778780000)
 ParOldGen       total 103936K, used 14091K [0x00000006c2c00000, 0x00000006c9180000, 0x000000076b980000)
  object space 103936K, 13% used [0x00000006c2c00000,0x00000006c39c2c28,0x00000006c9180000)
 Metaspace       used 33453K, capacity 35296K, committed 35456K, reserved 1081344K
  class space    used 4040K, capacity 4417K, committed 4480K, reserved 1048576K
}
Event: 3.292 GC heap before
{Heap before GC invocations=14 (full 2):
 PSYoungGen      total 210944K, used 2107K [0x000000076b980000, 0x0000000779080000, 0x00000007c0000000)
  eden space 202240K, 0% used [0x000000076b980000,0x000000076b980000,0x0000000777f00000)
  from space 8704K, 24% used [0x0000000778780000,0x000000077898ee18,0x0000000779000000)
  to   space 8704K, 0% used [0x0000000777f00000,0x0000000777f00000,0x0000000778780000)
 ParOldGen       total 103936K, used 14091K [0x00000006c2c00000, 0x00000006c9180000, 0x000000076b980000)
  object space 103936K, 13% used [0x00000006c2c00000,0x00000006c39c2c28,0x00000006c9180000)
 Metaspace       used 33453K, capacity 35296K, committed 35456K, reserved 1081344K
  class space    used 4040K, capacity 4417K, committed 4480K, reserved 1048576K
Event: 3.375 GC heap after
Heap after GC invocations=14 (full 2):
 PSYoungGen      total 210944K, used 0K [0x000000076b980000, 0x0000000779080000, 0x00000007c0000000)
  eden space 202240K, 0% used [0x000000076b980000,0x000000076b980000,0x0000000777f00000)
  from space 8704K, 0% used [0x0000000778780000,0x0000000778780000,0x0000000779000000)
  to   space 8704K, 0% used [0x0000000777f00000,0x0000000777f00000,0x0000000778780000)
 ParOldGen       total 174080K, used 14446K [0x00000006c2c00000, 0x00000006cd600000, 0x000000076b980000)
  object space 174080K, 8% used [0x00000006c2c00000,0x00000006c3a1b890,0x00000006cd600000)
 Metaspace       used 33453K, capacity 35296K, committed 35456K, reserved 1081344K
  class space    used 4040K, capacity 4417K, committed 4480K, reserved 1048576K
}
Event: 4.275 GC heap before
{Heap before GC invocations=15 (full 2):
 PSYoungGen      total 210944K, used 202240K [0x000000076b980000, 0x0000000779080000, 0x00000007c0000000)
  eden space 202240K, 100% used [0x000000076b980000,0x0000000777f00000,0x0000000777f00000)
  from space 8704K, 0% used [0x0000000778780000,0x0000000778780000,0x0000000779000000)
  to   space 8704K, 0% used [0x0000000777f00000,0x0000000777f00000,0x0000000778780000)
 ParOldGen       total 174080K, used 14446K [0x00000006c2c00000, 0x00000006cd600000, 0x000000076b980000)
  object space 174080K, 8% used [0x00000006c2c00000,0x00000006c3a1b890,0x00000006cd600000)
 Metaspace       used 38227K, capacity 40490K, committed 40704K, reserved 1085440K
  class space    used 4612K, capacity 5058K, committed 5120K, reserved 1048576K
Event: 4.280 GC heap after
Heap after GC invocations=15 (full 2):
 PSYoungGen      total 210944K, used 8699K [0x000000076b980000, 0x000000077bb80000, 0x00000007c0000000)
  eden space 202240K, 0% used [0x000000076b980000,0x000000076b980000,0x0000000777f00000)
  from space 8704K, 99% used [0x0000000777f00000,0x000000077877ed80,0x0000000778780000)
  to   space 10240K, 0% used [0x000000077b180000,0x000000077b180000,0x000000077bb80000)
 ParOldGen       total 174080K, used 14869K [0x00000006c2c00000, 0x00000006cd600000, 0x000000076b980000)
  object space 174080K, 8% used [0x00000006c2c00000,0x00000006c3a85618,0x00000006cd600000)
 Metaspace       used 38227K, capacity 40490K, committed 40704K, reserved 1085440K
  class space    used 4612K, capacity 5058K, committed 5120K, reserved 1048576K
}

