# JRE version: Java(TM) SE Runtime Environment (8.0_311-b11) (build 1.8.0_311-b11)
# Java VM: Java HotSpot(TM) 64-Bit Server VM (25.311-b11 mixed mode windows-amd64 compressed oops)
Heap:
 PSYoungGen      total 211968K, used 147328K [0x000000076b980000, 0x0000000779180000, 0x00000007c0000000)
  eden space 203264K, 72% used [0x000000076b980000,0x0000000774960300,0x0000000778000000)
  from space 8704K, 0% used [0x0000000778880000,0x0000000778880000,0x0000000779100000)
  to   space 8704K, 0% used [0x0000000778000000,0x0000000778000000,0x0000000778880000)
 ParOldGen       total 104448K, used 14401K [0x00000006c2c00000, 0x00000006c9200000, 0x000000076b980000)
  object space 104448K, 13% used [0x00000006c2c00000,0x00000006c3a107e0,0x00000006c9200000)
 Metaspace       used 36733K, capacity 38796K, committed 38912K, reserved 1083392K
  class space    used 4413K, capacity 4835K, committed 4864K, reserved 1048576K
GC Heap History (10 events):
Event: 3.119 GC heap before
{Heap before GC invocations=10 (full 1):
 PSYoungGen      total 108544K, used 104085K [0x000000076b980000, 0x0000000772f80000, 0x00000007c0000000)
  eden space 100352K, 100% used [0x000000076b980000,0x0000000771b80000,0x0000000771b80000)
  from space 8192K, 45% used [0x0000000772380000,0x00000007727256b8,0x0000000772b80000)
  to   space 8192K, 0% used [0x0000000771b80000,0x0000000771b80000,0x0000000772380000)
 ParOldGen       total 104448K, used 6630K [0x00000006c2c00000, 0x00000006c9200000, 0x000000076b980000)
  object space 104448K, 6% used [0x00000006c2c00000,0x00000006c3279ae8,0x00000006c9200000)
 Metaspace       used 28584K, capacity 30408K, committed 30592K, reserved 1075200K
  class space    used 3534K, capacity 3887K, committed 3968K, reserved 1048576K
Event: 3.125 GC heap after
Heap after GC invocations=10 (full 1):
 PSYoungGen      total 108544K, used 7397K [0x000000076b980000, 0x0000000775300000, 0x00000007c0000000)
  eden space 100352K, 0% used [0x000000076b980000,0x000000076b980000,0x0000000771b80000)
  from space 8192K, 90% used [0x0000000771b80000,0x00000007722b9478,0x0000000772380000)
  to   space 8704K, 0% used [0x0000000774a80000,0x0000000774a80000,0x0000000775300000)
 ParOldGen       total 104448K, used 6638K [0x00000006c2c00000, 0x00000006c9200000, 0x000000076b980000)
  object space 104448K, 6% used [0x00000006c2c00000,0x00000006c327bae8,0x00000006c9200000)
 Metaspace       used 28584K, capacity 30408K, committed 30592K, reserved 1075200K
  class space    used 3534K, capacity 3887K, committed 3968K, reserved 1048576K
}
Event: 3.212 GC heap before
{Heap before GC invocations=11 (full 1):
 PSYoungGen      total 108544K, used 107738K [0x000000076b980000, 0x0000000775300000, 0x00000007c0000000)
  eden space 100352K, 99% used [0x000000076b980000,0x0000000771b7d6e0,0x0000000771b80000)
  from space 8192K, 90% used [0x0000000771b80000,0x00000007722b9478,0x0000000772380000)
  to   space 8704K, 0% used [0x0000000774a80000,0x0000000774a80000,0x0000000775300000)
 ParOldGen       total 104448K, used 6638K [0x00000006c2c00000, 0x00000006c9200000, 0x000000076b980000)
  object space 104448K, 6% used [0x00000006c2c00000,0x00000006c327bae8,0x00000006c9200000)
 Metaspace       used 30051K, capacity 31864K, committed 32000K, reserved 1077248K
  class space    used 3659K, capacity 4023K, committed 4096K, reserved 1048576K
Event: 3.216 GC heap after
Heap after GC invocations=11 (full 1):
 PSYoungGen      total 148480K, used 5705K [0x000000076b980000, 0x0000000775780000, 0x00000007c0000000)
  eden space 139776K, 0% used [0x000000076b980000,0x000000076b980000,0x0000000774200000)
  from space 8704K, 65% used [0x0000000774a80000,0x0000000775012600,0x0000000775300000)
  to   space 8704K, 0% used [0x0000000774200000,0x0000000774200000,0x0000000774a80000)
 ParOldGen       total 104448K, used 8148K [0x00000006c2c00000, 0x00000006c9200000, 0x000000076b980000)
  object space 104448K, 7% used [0x00000006c2c00000,0x00000006c33f53a0,0x00000006c9200000)
 Metaspace       used 30051K, capacity 31864K, committed 32000K, reserved 1077248K
  class space    used 3659K, capacity 4023K, committed 4096K, reserved 1048576K
}
Event: 3.387 GC heap before
{Heap before GC invocations=12 (full 1):
 PSYoungGen      total 148480K, used 145481K [0x000000076b980000, 0x0000000775780000, 0x00000007c0000000)
  eden space 139776K, 100% used [0x000000076b980000,0x0000000774200000,0x0000000774200000)
  from space 8704K, 65% used [0x0000000774a80000,0x0000000775012600,0x0000000775300000)
  to   space 8704K, 0% used [0x0000000774200000,0x0000000774200000,0x0000000774a80000)
 ParOldGen       total 104448K, used 8148K [0x00000006c2c00000, 0x00000006c9200000, 0x000000076b980000)
  object space 104448K, 7% used [0x00000006c2c00000,0x00000006c33f53a0,0x00000006c9200000)
 Metaspace       used 32256K, capacity 34080K, committed 34304K, reserved 1079296K
  class space    used 3879K, capacity 4225K, committed 4352K, reserved 1048576K
Event: 3.394 GC heap after
Heap after GC invocations=12 (full 1):
 PSYoungGen      total 148480K, used 5741K [0x000000076b980000, 0x0000000779100000, 0x00000007c0000000)
  eden space 139776K, 0% used [0x000000076b980000,0x000000076b980000,0x0000000774200000)
  from space 8704K, 65% used [0x0000000774200000,0x000000077479b7c0,0x0000000774a80000)
  to   space 8704K, 0% used [0x0000000778880000,0x0000000778880000,0x0000000779100000)
 ParOldGen       total 104448K, used 10837K [0x00000006c2c00000, 0x00000006c9200000, 0x000000076b980000)
  object space 104448K, 10% used [0x00000006c2c00000,0x00000006c3695400,0x00000006c9200000)
 Metaspace       used 32256K, capacity 34080K, committed 34304K, reserved 1079296K
  class space    used 3879K, capacity 4225K, committed 4352K, reserved 1048576K
}
Event: 3.493 GC heap before
{Heap before GC invocations=13 (full 1):
 PSYoungGen      total 148480K, used 52111K [0x000000076b980000, 0x0000000779100000, 0x00000007c0000000)
  eden space 139776K, 33% used [0x000000076b980000,0x000000076e6c8650,0x0000000774200000)
  from space 8704K, 65% used [0x0000000774200000,0x000000077479b7c0,0x0000000774a80000)
  to   space 8704K, 0% used [0x0000000778880000,0x0000000778880000,0x0000000779100000)
 ParOldGen       total 104448K, used 10837K [0x00000006c2c00000, 0x00000006c9200000, 0x000000076b980000)
  object space 104448K, 10% used [0x00000006c2c00000,0x00000006c3695400,0x00000006c9200000)
 Metaspace       used 33470K, capacity 35296K, committed 35456K, reserved 1081344K
  class space    used 4039K, capacity 4417K, committed 4480K, reserved 1048576K
Event: 3.496 GC heap after
Heap after GC invocations=13 (full 1):
 PSYoungGen      total 211968K, used 2019K [0x000000076b980000, 0x0000000779180000, 0x00000007c0000000)
  eden space 203264K, 0% used [0x000000076b980000,0x000000076b980000,0x0000000778000000)
  from space 8704K, 23% used [0x0000000778880000,0x0000000778a78fa8,0x0000000779100000)
  to   space 8704K, 0% used [0x0000000778000000,0x0000000778000000,0x0000000778880000)
 ParOldGen       total 104448K, used 14135K [0x00000006c2c00000, 0x00000006c9200000, 0x000000076b980000)
  object space 104448K, 13% used [0x00000006c2c00000,0x00000006c39cdf98,0x00000006c9200000)
 Metaspace       used 33470K, capacity 35296K, committed 35456K, reserved 1081344K
  class space    used 4039K, capacity 4417K, committed 4480K, reserved 1048576K
}
Event: 3.496 GC heap before
{Heap before GC invocations=14 (full 2):
 PSYoungGen      total 211968K, used 2019K [0x000000076b980000, 0x0000000779180000, 0x00000007c0000000)
  eden space 203264K, 0% used [0x000000076b980000,0x000000076b980000,0x0000000778000000)
  from space 8704K, 23% used [0x0000000778880000,0x0000000778a78fa8,0x0000000779100000)
  to   space 8704K, 0% used [0x0000000778000000,0x0000000778000000,0x0000000778880000)
 ParOldGen       total 104448K, used 14135K [0x00000006c2c00000, 0x00000006c9200000, 0x000000076b980000)
  object space 104448K, 13% used [0x00000006c2c00000,0x00000006c39cdf98,0x00000006c9200000)
 Metaspace       used 33470K, capacity 35296K, committed 35456K, reserved 1081344K
  class space    used 4039K, capacity 4417K, committed 4480K, reserved 1048576K
Event: 3.567 GC heap after
Heap after GC invocations=14 (full 2):
 PSYoungGen      total 211968K, used 0K [0x000000076b980000, 0x0000000779180000, 0x00000007c0000000)
  eden space 203264K, 0% used [0x000000076b980000,0x000000076b980000,0x0000000778000000)
  from space 8704K, 0% used [0x0000000778880000,0x0000000778880000,0x0000000779100000)
  to   space 8704K, 0% used [0x0000000778000000,0x0000000778000000,0x0000000778880000)
 ParOldGen       total 104448K, used 14401K [0x00000006c2c00000, 0x00000006c9200000, 0x000000076b980000)
  object space 104448K, 13% used [0x00000006c2c00000,0x00000006c3a107e0,0x00000006c9200000)
 Metaspace       used 33470K, capacity 35296K, committed 35456K, reserved 1081344K
  class space    used 4039K, capacity 4417K, committed 4480K, reserved 1048576K
}

