# JRE version: Java(TM) SE Runtime Environment (8.0_311-b11) (build 1.8.0_311-b11)
# Java VM: Java HotSpot(TM) 64-Bit Server VM (25.311-b11 mixed mode windows-amd64 compressed oops)
Heap:
 PSYoungGen      total 145408K, used 15914K [0x000000076b980000, 0x0000000775380000, 0x00000007c0000000)
  eden space 136704K, 7% used [0x000000076b980000,0x000000076c3eca80,0x0000000773f00000)
  from space 8704K, 60% used [0x0000000773f00000,0x000000077441dfa0,0x0000000774780000)
  to   space 8704K, 0% used [0x0000000774780000,0x0000000774780000,0x0000000775000000)
 ParOldGen       total 104960K, used 10692K [0x00000006c2c00000, 0x00000006c9280000, 0x000000076b980000)
  object space 104960K, 10% used [0x00000006c2c00000,0x00000006c36711c8,0x00000006c9280000)
 Metaspace       used 32312K, capacity 34154K, committed 34560K, reserved 1079296K
  class space    used 3884K, capacity 4252K, committed 4352K, reserved 1048576K
GC Heap History (10 events):
Event: 2.467 GC heap before
{Heap before GC invocations=8 (full 1):
 PSYoungGen      total 70656K, used 67484K [0x000000076b980000, 0x0000000772580000, 0x00000007c0000000)
  eden space 64000K, 100% used [0x000000076b980000,0x000000076f800000,0x000000076f800000)
  from space 6656K, 52% used [0x0000000770000000,0x00000007703671b8,0x0000000770680000)
  to   space 8192K, 0% used [0x000000076f800000,0x000000076f800000,0x0000000770000000)
 ParOldGen       total 104960K, used 6616K [0x00000006c2c00000, 0x00000006c9280000, 0x000000076b980000)
  object space 104960K, 6% used [0x00000006c2c00000,0x00000006c32762b8,0x00000006c9280000)
 Metaspace       used 24229K, capacity 25842K, committed 26112K, reserved 1073152K
  class space    used 2931K, capacity 3253K, committed 3328K, reserved 1048576K
Event: 2.469 GC heap after
Heap after GC invocations=8 (full 1):
 PSYoungGen      total 72192K, used 3193K [0x000000076b980000, 0x0000000772a00000, 0x00000007c0000000)
  eden space 64000K, 0% used [0x000000076b980000,0x000000076b980000,0x000000076f800000)
  from space 8192K, 38% used [0x000000076f800000,0x000000076fb1e588,0x0000000770000000)
  to   space 8192K, 0% used [0x0000000772200000,0x0000000772200000,0x0000000772a00000)
 ParOldGen       total 104960K, used 6624K [0x00000006c2c00000, 0x00000006c9280000, 0x000000076b980000)
  object space 104960K, 6% used [0x00000006c2c00000,0x00000006c32782b8,0x00000006c9280000)
 Metaspace       used 24229K, capacity 25842K, committed 26112K, reserved 1073152K
  class space    used 2931K, capacity 3253K, committed 3328K, reserved 1048576K
}
Event: 2.579 GC heap before
{Heap before GC invocations=9 (full 1):
 PSYoungGen      total 72192K, used 67193K [0x000000076b980000, 0x0000000772a00000, 0x00000007c0000000)
  eden space 64000K, 100% used [0x000000076b980000,0x000000076f800000,0x000000076f800000)
  from space 8192K, 38% used [0x000000076f800000,0x000000076fb1e588,0x0000000770000000)
  to   space 8192K, 0% used [0x0000000772200000,0x0000000772200000,0x0000000772a00000)
 ParOldGen       total 104960K, used 6624K [0x00000006c2c00000, 0x00000006c9280000, 0x000000076b980000)
  object space 104960K, 6% used [0x00000006c2c00000,0x00000006c32782b8,0x00000006c9280000)
 Metaspace       used 26124K, capacity 27810K, committed 27904K, reserved 1073152K
  class space    used 3211K, capacity 3536K, committed 3584K, reserved 1048576K
Event: 2.582 GC heap after
Heap after GC invocations=9 (full 1):
 PSYoungGen      total 107008K, used 3715K [0x000000076b980000, 0x0000000772f80000, 0x00000007c0000000)
  eden space 98816K, 0% used [0x000000076b980000,0x000000076b980000,0x0000000771a00000)
  from space 8192K, 45% used [0x0000000772200000,0x00000007725a0d98,0x0000000772a00000)
  to   space 8192K, 0% used [0x0000000771a00000,0x0000000771a00000,0x0000000772200000)
 ParOldGen       total 104960K, used 6632K [0x00000006c2c00000, 0x00000006c9280000, 0x000000076b980000)
  object space 104960K, 6% used [0x00000006c2c00000,0x00000006c327a2b8,0x00000006c9280000)
 Metaspace       used 26124K, capacity 27810K, committed 27904K, reserved 1073152K
  class space    used 3211K, capacity 3536K, committed 3584K, reserved 1048576K
}
Event: 2.805 GC heap before
{Heap before GC invocations=10 (full 1):
 PSYoungGen      total 107008K, used 102531K [0x000000076b980000, 0x0000000772f80000, 0x00000007c0000000)
  eden space 98816K, 100% used [0x000000076b980000,0x0000000771a00000,0x0000000771a00000)
  from space 8192K, 45% used [0x0000000772200000,0x00000007725a0d98,0x0000000772a00000)
  to   space 8192K, 0% used [0x0000000771a00000,0x0000000771a00000,0x0000000772200000)
 ParOldGen       total 104960K, used 6632K [0x00000006c2c00000, 0x00000006c9280000, 0x000000076b980000)
  object space 104960K, 6% used [0x00000006c2c00000,0x00000006c327a2b8,0x00000006c9280000)
 Metaspace       used 28540K, capacity 30346K, committed 30592K, reserved 1075200K
  class space    used 3527K, capacity 3886K, committed 3968K, reserved 1048576K
Event: 2.809 GC heap after
Heap after GC invocations=10 (full 1):
 PSYoungGen      total 107008K, used 7156K [0x000000076b980000, 0x0000000775000000, 0x00000007c0000000)
  eden space 98816K, 0% used [0x000000076b980000,0x000000076b980000,0x0000000771a00000)
  from space 8192K, 87% used [0x0000000771a00000,0x00000007720fd208,0x0000000772200000)
  to   space 8704K, 0% used [0x0000000774780000,0x0000000774780000,0x0000000775000000)
 ParOldGen       total 104960K, used 6640K [0x00000006c2c00000, 0x00000006c9280000, 0x000000076b980000)
  object space 104960K, 6% used [0x00000006c2c00000,0x00000006c327c2b8,0x00000006c9280000)
 Metaspace       used 28540K, capacity 30346K, committed 30592K, reserved 1075200K
  class space    used 3527K, capacity 3886K, committed 3968K, reserved 1048576K
}
Event: 2.920 GC heap before
{Heap before GC invocations=11 (full 1):
 PSYoungGen      total 107008K, used 105927K [0x000000076b980000, 0x0000000775000000, 0x00000007c0000000)
  eden space 98816K, 99% used [0x000000076b980000,0x00000007719f4d18,0x0000000771a00000)
  from space 8192K, 87% used [0x0000000771a00000,0x00000007720fd208,0x0000000772200000)
  to   space 8704K, 0% used [0x0000000774780000,0x0000000774780000,0x0000000775000000)
 ParOldGen       total 104960K, used 6640K [0x00000006c2c00000, 0x00000006c9280000, 0x000000076b980000)
  object space 104960K, 6% used [0x00000006c2c00000,0x00000006c327c2b8,0x00000006c9280000)
 Metaspace       used 30486K, capacity 32288K, committed 32512K, reserved 1077248K
  class space    used 3690K, capacity 4055K, committed 4096K, reserved 1048576K
Event: 2.925 GC heap after
Heap after GC invocations=11 (full 1):
 PSYoungGen      total 145408K, used 6417K [0x000000076b980000, 0x0000000775380000, 0x00000007c0000000)
  eden space 136704K, 0% used [0x000000076b980000,0x000000076b980000,0x0000000773f00000)
  from space 8704K, 73% used [0x0000000774780000,0x0000000774dc44f0,0x0000000775000000)
  to   space 8704K, 0% used [0x0000000773f00000,0x0000000773f00000,0x0000000774780000)
 ParOldGen       total 104960K, used 8124K [0x00000006c2c00000, 0x00000006c9280000, 0x000000076b980000)
  object space 104960K, 7% used [0x00000006c2c00000,0x00000006c33ef168,0x00000006c9280000)
 Metaspace       used 30486K, capacity 32288K, committed 32512K, reserved 1077248K
  class space    used 3690K, capacity 4055K, committed 4096K, reserved 1048576K
}
Event: 3.040 GC heap before
{Heap before GC invocations=12 (full 1):
 PSYoungGen      total 145408K, used 143121K [0x000000076b980000, 0x0000000775380000, 0x00000007c0000000)
  eden space 136704K, 100% used [0x000000076b980000,0x0000000773f00000,0x0000000773f00000)
  from space 8704K, 73% used [0x0000000774780000,0x0000000774dc44f0,0x0000000775000000)
  to   space 8704K, 0% used [0x0000000773f00000,0x0000000773f00000,0x0000000774780000)
 ParOldGen       total 104960K, used 8124K [0x00000006c2c00000, 0x00000006c9280000, 0x000000076b980000)
  object space 104960K, 7% used [0x00000006c2c00000,0x00000006c33ef168,0x00000006c9280000)
 Metaspace       used 32149K, capacity 33930K, committed 34176K, reserved 1079296K
  class space    used 3868K, capacity 4220K, committed 4224K, reserved 1048576K
Event: 3.045 GC heap after
Heap after GC invocations=12 (full 1):
 PSYoungGen      total 145408K, used 5239K [0x000000076b980000, 0x0000000775380000, 0x00000007c0000000)
  eden space 136704K, 0% used [0x000000076b980000,0x000000076b980000,0x0000000773f00000)
  from space 8704K, 60% used [0x0000000773f00000,0x000000077441dfa0,0x0000000774780000)
  to   space 8704K, 0% used [0x0000000774780000,0x0000000774780000,0x0000000775000000)
 ParOldGen       total 104960K, used 10692K [0x00000006c2c00000, 0x00000006c9280000, 0x000000076b980000)
  object space 104960K, 10% used [0x00000006c2c00000,0x00000006c36711c8,0x00000006c9280000)
 Metaspace       used 32149K, capacity 33930K, committed 34176K, reserved 1079296K
  class space    used 3868K, capacity 4220K, committed 4224K, reserved 1048576K
}

