# JRE version: Java(TM) SE Runtime Environment (8.0_311-b11) (build 1.8.0_311-b11)
# Java VM: Java HotSpot(TM) 64-Bit Server VM (25.311-b11 mixed mode windows-amd64 compressed oops)
Heap:
 PSYoungGen      total 275456K, used 239464K [0x000000076b980000, 0x000000077d480000, 0x00000007c0000000)
  eden space 265728K, 86% used [0x000000076b980000,0x0000000779a04cc8,0x000000077bd00000)
  from space 9728K, 98% used [0x000000077cb00000,0x000000077d455700,0x000000077d480000)
  to   space 11264K, 0% used [0x000000077be80000,0x000000077be80000,0x000000077c980000)
 ParOldGen       total 165888K, used 18749K [0x00000006c2c00000, 0x00000006cce00000, 0x000000076b980000)
  object space 165888K, 11% used [0x00000006c2c00000,0x00000006c3e4f7b8,0x00000006cce00000)
 Metaspace       used 53736K, capacity 56396K, committed 56704K, reserved 1101824K
  class space    used 6546K, capacity 7035K, committed 7040K, reserved 1048576K
GC Heap History (10 events):
Event: 4.229 GC heap before
{Heap before GC invocations=12 (full 1):
 PSYoungGen      total 160256K, used 156887K [0x000000076b980000, 0x0000000776200000, 0x00000007c0000000)
  eden space 152064K, 100% used [0x000000076b980000,0x0000000774e00000,0x0000000774e00000)
  from space 8192K, 58% used [0x0000000775600000,0x0000000775ab5f80,0x0000000775e00000)
  to   space 8192K, 0% used [0x0000000774e00000,0x0000000774e00000,0x0000000775600000)
 ParOldGen       total 100352K, used 8943K [0x00000006c2c00000, 0x00000006c8e00000, 0x000000076b980000)
  object space 100352K, 8% used [0x00000006c2c00000,0x00000006c34bbe40,0x00000006c8e00000)
 Metaspace       used 32778K, capacity 34624K, committed 34816K, reserved 1079296K
  class space    used 3950K, capacity 4321K, committed 4352K, reserved 1048576K
Event: 4.233 GC heap after
Heap after GC invocations=12 (full 1):
 PSYoungGen      total 160256K, used 5510K [0x000000076b980000, 0x000000077a300000, 0x00000007c0000000)
  eden space 152064K, 0% used [0x000000076b980000,0x000000076b980000,0x0000000774e00000)
  from space 8192K, 67% used [0x0000000774e00000,0x0000000775361960,0x0000000775600000)
  to   space 8192K, 0% used [0x0000000779b00000,0x0000000779b00000,0x000000077a300000)
 ParOldGen       total 100352K, used 11791K [0x00000006c2c00000, 0x00000006c8e00000, 0x000000076b980000)
  object space 100352K, 11% used [0x00000006c2c00000,0x00000006c3783c78,0x00000006c8e00000)
 Metaspace       used 32778K, capacity 34624K, committed 34816K, reserved 1079296K
  class space    used 3950K, capacity 4321K, committed 4352K, reserved 1048576K
}
Event: 4.307 GC heap before
{Heap before GC invocations=13 (full 1):
 PSYoungGen      total 160256K, used 29480K [0x000000076b980000, 0x000000077a300000, 0x00000007c0000000)
  eden space 152064K, 15% used [0x000000076b980000,0x000000076d0e8918,0x0000000774e00000)
  from space 8192K, 67% used [0x0000000774e00000,0x0000000775361960,0x0000000775600000)
  to   space 8192K, 0% used [0x0000000779b00000,0x0000000779b00000,0x000000077a300000)
 ParOldGen       total 100352K, used 11791K [0x00000006c2c00000, 0x00000006c8e00000, 0x000000076b980000)
  object space 100352K, 11% used [0x00000006c2c00000,0x00000006c3783c78,0x00000006c8e00000)
 Metaspace       used 33459K, capacity 35296K, committed 35456K, reserved 1081344K
  class space    used 4044K, capacity 4417K, committed 4480K, reserved 1048576K
Event: 4.310 GC heap after
Heap after GC invocations=13 (full 1):
 PSYoungGen      total 230912K, used 1254K [0x000000076b980000, 0x000000077a500000, 0x00000007c0000000)
  eden space 222720K, 0% used [0x000000076b980000,0x000000076b980000,0x0000000779300000)
  from space 8192K, 15% used [0x0000000779b00000,0x0000000779c39bb0,0x000000077a300000)
  to   space 8192K, 0% used [0x0000000779300000,0x0000000779300000,0x0000000779b00000)
 ParOldGen       total 100352K, used 14385K [0x00000006c2c00000, 0x00000006c8e00000, 0x000000076b980000)
  object space 100352K, 14% used [0x00000006c2c00000,0x00000006c3a0c540,0x00000006c8e00000)
 Metaspace       used 33459K, capacity 35296K, committed 35456K, reserved 1081344K
  class space    used 4044K, capacity 4417K, committed 4480K, reserved 1048576K
}
Event: 4.310 GC heap before
{Heap before GC invocations=14 (full 2):
 PSYoungGen      total 230912K, used 1254K [0x000000076b980000, 0x000000077a500000, 0x00000007c0000000)
  eden space 222720K, 0% used [0x000000076b980000,0x000000076b980000,0x0000000779300000)
  from space 8192K, 15% used [0x0000000779b00000,0x0000000779c39bb0,0x000000077a300000)
  to   space 8192K, 0% used [0x0000000779300000,0x0000000779300000,0x0000000779b00000)
 ParOldGen       total 100352K, used 14385K [0x00000006c2c00000, 0x00000006c8e00000, 0x000000076b980000)
  object space 100352K, 14% used [0x00000006c2c00000,0x00000006c3a0c540,0x00000006c8e00000)
 Metaspace       used 33459K, capacity 35296K, committed 35456K, reserved 1081344K
  class space    used 4044K, capacity 4417K, committed 4480K, reserved 1048576K
Event: 4.381 GC heap after
Heap after GC invocations=14 (full 2):
 PSYoungGen      total 230912K, used 0K [0x000000076b980000, 0x000000077a500000, 0x00000007c0000000)
  eden space 222720K, 0% used [0x000000076b980000,0x000000076b980000,0x0000000779300000)
  from space 8192K, 0% used [0x0000000779b00000,0x0000000779b00000,0x000000077a300000)
  to   space 8192K, 0% used [0x0000000779300000,0x0000000779300000,0x0000000779b00000)
 ParOldGen       total 165888K, used 13836K [0x00000006c2c00000, 0x00000006cce00000, 0x000000076b980000)
  object space 165888K, 8% used [0x00000006c2c00000,0x00000006c3983360,0x00000006cce00000)
 Metaspace       used 33459K, capacity 35296K, committed 35456K, reserved 1081344K
  class space    used 4044K, capacity 4417K, committed 4480K, reserved 1048576K
}
Event: 5.337 GC heap before
{Heap before GC invocations=15 (full 2):
 PSYoungGen      total 230912K, used 222720K [0x000000076b980000, 0x000000077a500000, 0x00000007c0000000)
  eden space 222720K, 100% used [0x000000076b980000,0x0000000779300000,0x0000000779300000)
  from space 8192K, 0% used [0x0000000779b00000,0x0000000779b00000,0x000000077a300000)
  to   space 8192K, 0% used [0x0000000779300000,0x0000000779300000,0x0000000779b00000)
 ParOldGen       total 165888K, used 13836K [0x00000006c2c00000, 0x00000006cce00000, 0x000000076b980000)
  object space 165888K, 8% used [0x00000006c2c00000,0x00000006c3983360,0x00000006cce00000)
 Metaspace       used 38531K, capacity 40846K, committed 40960K, reserved 1085440K
  class space    used 4650K, capacity 5090K, committed 5120K, reserved 1048576K
Event: 5.342 GC heap after
Heap after GC invocations=15 (full 2):
 PSYoungGen      total 230912K, used 8167K [0x000000076b980000, 0x000000077d480000, 0x00000007c0000000)
  eden space 222720K, 0% used [0x000000076b980000,0x000000076b980000,0x0000000779300000)
  from space 8192K, 99% used [0x0000000779300000,0x0000000779af9f98,0x0000000779b00000)
  to   space 9728K, 0% used [0x000000077cb00000,0x000000077cb00000,0x000000077d480000)
 ParOldGen       total 165888K, used 15373K [0x00000006c2c00000, 0x00000006cce00000, 0x000000076b980000)
  object space 165888K, 9% used [0x00000006c2c00000,0x00000006c3b03530,0x00000006cce00000)
 Metaspace       used 38531K, capacity 40846K, committed 40960K, reserved 1085440K
  class space    used 4650K, capacity 5090K, committed 5120K, reserved 1048576K
}
Event: 6.250 GC heap before
{Heap before GC invocations=16 (full 2):
 PSYoungGen      total 230912K, used 230887K [0x000000076b980000, 0x000000077d480000, 0x00000007c0000000)
  eden space 222720K, 100% used [0x000000076b980000,0x0000000779300000,0x0000000779300000)
  from space 8192K, 99% used [0x0000000779300000,0x0000000779af9f98,0x0000000779b00000)
  to   space 9728K, 0% used [0x000000077cb00000,0x000000077cb00000,0x000000077d480000)
 ParOldGen       total 165888K, used 15373K [0x00000006c2c00000, 0x00000006cce00000, 0x000000076b980000)
  object space 165888K, 9% used [0x00000006c2c00000,0x00000006c3b03530,0x00000006cce00000)
 Metaspace       used 45600K, capacity 48170K, committed 48384K, reserved 1091584K
  class space    used 5590K, capacity 6052K, committed 6144K, reserved 1048576K
Event: 6.257 GC heap after
Heap after GC invocations=16 (full 2):
 PSYoungGen      total 275456K, used 9557K [0x000000076b980000, 0x000000077d480000, 0x00000007c0000000)
  eden space 265728K, 0% used [0x000000076b980000,0x000000076b980000,0x000000077bd00000)
  from space 9728K, 98% used [0x000000077cb00000,0x000000077d455700,0x000000077d480000)
  to   space 11264K, 0% used [0x000000077be80000,0x000000077be80000,0x000000077c980000)
 ParOldGen       total 165888K, used 18749K [0x00000006c2c00000, 0x00000006cce00000, 0x000000076b980000)
  object space 165888K, 11% used [0x00000006c2c00000,0x00000006c3e4f7b8,0x00000006cce00000)
 Metaspace       used 45600K, capacity 48170K, committed 48384K, reserved 1091584K
  class space    used 5590K, capacity 6052K, committed 6144K, reserved 1048576K
}

