# JRE version: Java(TM) SE Runtime Environment (8.0_311-b11) (build 1.8.0_311-b11)
# Java VM: Java HotSpot(TM) 64-Bit Server VM (25.311-b11 mixed mode windows-amd64 compressed oops)
Heap:
 PSYoungGen      total 470528K, used 191429K [0x000000076b980000, 0x000000078cb00000, 0x00000007c0000000)
  eden space 447488K, 39% used [0x000000076b980000,0x00000007764dc610,0x0000000786e80000)
  from space 23040K, 69% used [0x0000000786e80000,0x0000000787e15018,0x0000000788500000)
  to   space 24064K, 0% used [0x000000078b380000,0x000000078b380000,0x000000078cb00000)
 ParOldGen       total 332800K, used 45968K [0x00000006c2c00000, 0x00000006d7100000, 0x000000076b980000)
  object space 332800K, 13% used [0x00000006c2c00000,0x00000006c58e43f0,0x00000006d7100000)
 Metaspace       used 98392K, capacity 104574K, committed 104640K, reserved 1140736K
  class space    used 11771K, capacity 12768K, committed 12776K, reserved 1048576K
GC Heap History (10 events):
Event: 11.671 GC heap before
{Heap before GC invocations=23 (full 3):
 PSYoungGen      total 373760K, used 373748K [0x000000076b980000, 0x0000000786f80000, 0x00000007c0000000)
  eden space 357376K, 100% used [0x000000076b980000,0x0000000781680000,0x0000000781680000)
  from space 16384K, 99% used [0x0000000781680000,0x000000078267d0a0,0x0000000782680000)
  to   space 21504K, 0% used [0x0000000785a80000,0x0000000785a80000,0x0000000786f80000)
 ParOldGen       total 222208K, used 27891K [0x00000006c2c00000, 0x00000006d0500000, 0x000000076b980000)
  object space 222208K, 12% used [0x00000006c2c00000,0x00000006c473ce20,0x00000006d0500000)
 Metaspace       used 85687K, capacity 90078K, committed 90328K, reserved 1128448K
  class space    used 10399K, capacity 11142K, committed 11264K, reserved 1048576K
Event: 11.680 GC heap after
Heap after GC invocations=23 (full 3):
 PSYoungGen      total 423936K, used 10512K [0x000000076b980000, 0x0000000786d80000, 0x00000007c0000000)
  eden space 404480K, 0% used [0x000000076b980000,0x000000076b980000,0x0000000784480000)
  from space 19456K, 54% used [0x0000000785a80000,0x00000007864c4050,0x0000000786d80000)
  to   space 20992K, 0% used [0x0000000784480000,0x0000000784480000,0x0000000785900000)
 ParOldGen       total 222208K, used 34952K [0x00000006c2c00000, 0x00000006d0500000, 0x000000076b980000)
  object space 222208K, 15% used [0x00000006c2c00000,0x00000006c4e22260,0x00000006d0500000)
 Metaspace       used 85687K, capacity 90078K, committed 90328K, reserved 1128448K
  class space    used 10399K, capacity 11142K, committed 11264K, reserved 1048576K
}
Event: 14.352 GC heap before
{Heap before GC invocations=24 (full 3):
 PSYoungGen      total 423936K, used 372105K [0x000000076b980000, 0x0000000786d80000, 0x00000007c0000000)
  eden space 404480K, 89% used [0x000000076b980000,0x0000000781a9e448,0x0000000784480000)
  from space 19456K, 54% used [0x0000000785a80000,0x00000007864c4050,0x0000000786d80000)
  to   space 20992K, 0% used [0x0000000784480000,0x0000000784480000,0x0000000785900000)
 ParOldGen       total 222208K, used 34952K [0x00000006c2c00000, 0x00000006d0500000, 0x000000076b980000)
  object space 222208K, 15% used [0x00000006c2c00000,0x00000006c4e22260,0x00000006d0500000)
 Metaspace       used 93163K, capacity 98322K, committed 98496K, reserved 1136640K
  class space    used 11318K, capacity 12192K, committed 12264K, reserved 1048576K
Event: 14.361 GC heap after
Heap after GC invocations=24 (full 3):
 PSYoungGen      total 425472K, used 17955K [0x000000076b980000, 0x0000000789e00000, 0x00000007c0000000)
  eden space 404480K, 0% used [0x000000076b980000,0x000000076b980000,0x0000000784480000)
  from space 20992K, 85% used [0x0000000784480000,0x0000000785608dc0,0x0000000785900000)
  to   space 23040K, 0% used [0x0000000788780000,0x0000000788780000,0x0000000789e00000)
 ParOldGen       total 222208K, used 34968K [0x00000006c2c00000, 0x00000006d0500000, 0x000000076b980000)
  object space 222208K, 15% used [0x00000006c2c00000,0x00000006c4e26260,0x00000006d0500000)
 Metaspace       used 93163K, capacity 98322K, committed 98496K, reserved 1136640K
  class space    used 11318K, capacity 12192K, committed 12264K, reserved 1048576K
}
Event: 14.361 GC heap before
{Heap before GC invocations=25 (full 4):
 PSYoungGen      total 425472K, used 17955K [0x000000076b980000, 0x0000000789e00000, 0x00000007c0000000)
  eden space 404480K, 0% used [0x000000076b980000,0x000000076b980000,0x0000000784480000)
  from space 20992K, 85% used [0x0000000784480000,0x0000000785608dc0,0x0000000785900000)
  to   space 23040K, 0% used [0x0000000788780000,0x0000000788780000,0x0000000789e00000)
 ParOldGen       total 222208K, used 34968K [0x00000006c2c00000, 0x00000006d0500000, 0x000000076b980000)
  object space 222208K, 15% used [0x00000006c2c00000,0x00000006c4e26260,0x00000006d0500000)
 Metaspace       used 93163K, capacity 98322K, committed 98496K, reserved 1136640K
  class space    used 11318K, capacity 12192K, committed 12264K, reserved 1048576K
Event: 14.482 GC heap after
Heap after GC invocations=25 (full 4):
 PSYoungGen      total 425472K, used 0K [0x000000076b980000, 0x0000000789e00000, 0x00000007c0000000)
  eden space 404480K, 0% used [0x000000076b980000,0x000000076b980000,0x0000000784480000)
  from space 20992K, 0% used [0x0000000784480000,0x0000000784480000,0x0000000785900000)
  to   space 23040K, 0% used [0x0000000788780000,0x0000000788780000,0x0000000789e00000)
 ParOldGen       total 332800K, used 45952K [0x00000006c2c00000, 0x00000006d7100000, 0x000000076b980000)
  object space 332800K, 13% used [0x00000006c2c00000,0x00000006c58e03f0,0x00000006d7100000)
 Metaspace       used 93163K, capacity 98322K, committed 98496K, reserved 1136640K
  class space    used 11318K, capacity 12192K, committed 12264K, reserved 1048576K
}
Event: 17.861 GC heap before
{Heap before GC invocations=26 (full 4):
 PSYoungGen      total 425472K, used 404480K [0x000000076b980000, 0x0000000789e00000, 0x00000007c0000000)
  eden space 404480K, 100% used [0x000000076b980000,0x0000000784480000,0x0000000784480000)
  from space 20992K, 0% used [0x0000000784480000,0x0000000784480000,0x0000000785900000)
  to   space 23040K, 0% used [0x0000000788780000,0x0000000788780000,0x0000000789e00000)
 ParOldGen       total 332800K, used 45952K [0x00000006c2c00000, 0x00000006d7100000, 0x000000076b980000)
  object space 332800K, 13% used [0x00000006c2c00000,0x00000006c58e03f0,0x00000006d7100000)
 Metaspace       used 97782K, capacity 103790K, committed 103872K, reserved 1140736K
  class space    used 11727K, capacity 12704K, committed 12776K, reserved 1048576K
Event: 17.871 GC heap after
Heap after GC invocations=26 (full 4):
 PSYoungGen      total 467968K, used 13714K [0x000000076b980000, 0x0000000789b80000, 0x00000007c0000000)
  eden space 447488K, 0% used [0x000000076b980000,0x000000076b980000,0x0000000786e80000)
  from space 20480K, 66% used [0x0000000788780000,0x00000007894e4940,0x0000000789b80000)
  to   space 23040K, 0% used [0x0000000786e80000,0x0000000786e80000,0x0000000788500000)
 ParOldGen       total 332800K, used 45960K [0x00000006c2c00000, 0x00000006d7100000, 0x000000076b980000)
  object space 332800K, 13% used [0x00000006c2c00000,0x00000006c58e23f0,0x00000006d7100000)
 Metaspace       used 97782K, capacity 103790K, committed 103872K, reserved 1140736K
  class space    used 11727K, capacity 12704K, committed 12776K, reserved 1048576K
}
Event: 18.727 GC heap before
{Heap before GC invocations=27 (full 4):
 PSYoungGen      total 467968K, used 461202K [0x000000076b980000, 0x0000000789b80000, 0x00000007c0000000)
  eden space 447488K, 100% used [0x000000076b980000,0x0000000786e80000,0x0000000786e80000)
  from space 20480K, 66% used [0x0000000788780000,0x00000007894e4940,0x0000000789b80000)
  to   space 23040K, 0% used [0x0000000786e80000,0x0000000786e80000,0x0000000788500000)
 ParOldGen       total 332800K, used 45960K [0x00000006c2c00000, 0x00000006d7100000, 0x000000076b980000)
  object space 332800K, 13% used [0x00000006c2c00000,0x00000006c58e23f0,0x00000006d7100000)
 Metaspace       used 98351K, capacity 104544K, committed 104640K, reserved 1140736K
  class space    used 11768K, capacity 12763K, committed 12776K, reserved 1048576K
Event: 18.736 GC heap after
Heap after GC invocations=27 (full 4):
 PSYoungGen      total 470528K, used 15956K [0x000000076b980000, 0x000000078cb00000, 0x00000007c0000000)
  eden space 447488K, 0% used [0x000000076b980000,0x000000076b980000,0x0000000786e80000)
  from space 23040K, 69% used [0x0000000786e80000,0x0000000787e15018,0x0000000788500000)
  to   space 24064K, 0% used [0x000000078b380000,0x000000078b380000,0x000000078cb00000)
 ParOldGen       total 332800K, used 45968K [0x00000006c2c00000, 0x00000006d7100000, 0x000000076b980000)
  object space 332800K, 13% used [0x00000006c2c00000,0x00000006c58e43f0,0x00000006d7100000)
 Metaspace       used 98351K, capacity 104544K, committed 104640K, reserved 1140736K
  class space    used 11768K, capacity 12763K, committed 12776K, reserved 1048576K
}

