# JRE version: Java(TM) SE Runtime Environment (8.0_311-b11) (build 1.8.0_311-b11)
# Java VM: Java HotSpot(TM) 64-Bit Server VM (25.311-b11 mixed mode windows-amd64 compressed oops)
Heap:
 PSYoungGen      total 225792K, used 21428K [0x000000076b980000, 0x0000000779e00000, 0x00000007c0000000)
  eden space 217600K, 6% used [0x000000076b980000,0x000000076c672670,0x0000000778e00000)
  from space 8192K, 99% used [0x0000000779600000,0x0000000779dfac08,0x0000000779e00000)
  to   space 8192K, 0% used [0x0000000778e00000,0x0000000778e00000,0x0000000779600000)
 ParOldGen       total 161280K, used 20461K [0x00000006c2c00000, 0x00000006cc980000, 0x000000076b980000)
  object space 161280K, 12% used [0x00000006c2c00000,0x00000006c3ffb4f0,0x00000006cc980000)
 Metaspace       used 46057K, capacity 48574K, committed 48640K, reserved 1091584K
  class space    used 5661K, capacity 6120K, committed 6144K, reserved 1048576K
GC Heap History (10 events):
Event: 3.977 GC heap before
{Heap before GC invocations=12 (full 1):
 PSYoungGen      total 156160K, used 152745K [0x000000076b980000, 0x0000000775d00000, 0x00000007c0000000)
  eden space 147456K, 100% used [0x000000076b980000,0x0000000774980000,0x0000000774980000)
  from space 8704K, 60% used [0x0000000775180000,0x00000007756aa748,0x0000000775a00000)
  to   space 8192K, 0% used [0x0000000774980000,0x0000000774980000,0x0000000775180000)
 ParOldGen       total 100864K, used 8864K [0x00000006c2c00000, 0x00000006c8e80000, 0x000000076b980000)
  object space 100864K, 8% used [0x00000006c2c00000,0x00000006c34a80b0,0x00000006c8e80000)
 Metaspace       used 32540K, capacity 34396K, committed 34560K, reserved 1079296K
  class space    used 3921K, capacity 4289K, committed 4352K, reserved 1048576K
Event: 3.982 GC heap after
Heap after GC invocations=12 (full 1):
 PSYoungGen      total 155648K, used 4766K [0x000000076b980000, 0x0000000779e00000, 0x00000007c0000000)
  eden space 147456K, 0% used [0x000000076b980000,0x000000076b980000,0x0000000774980000)
  from space 8192K, 58% used [0x0000000774980000,0x0000000774e27930,0x0000000775180000)
  to   space 8192K, 0% used [0x0000000779600000,0x0000000779600000,0x0000000779e00000)
 ParOldGen       total 100864K, used 11751K [0x00000006c2c00000, 0x00000006c8e80000, 0x000000076b980000)
  object space 100864K, 11% used [0x00000006c2c00000,0x00000006c3779e20,0x00000006c8e80000)
 Metaspace       used 32540K, capacity 34396K, committed 34560K, reserved 1079296K
  class space    used 3921K, capacity 4289K, committed 4352K, reserved 1048576K
}
Event: 4.076 GC heap before
{Heap before GC invocations=13 (full 1):
 PSYoungGen      total 155648K, used 39285K [0x000000076b980000, 0x0000000779e00000, 0x00000007c0000000)
  eden space 147456K, 23% used [0x000000076b980000,0x000000076db35e88,0x0000000774980000)
  from space 8192K, 58% used [0x0000000774980000,0x0000000774e27930,0x0000000775180000)
  to   space 8192K, 0% used [0x0000000779600000,0x0000000779600000,0x0000000779e00000)
 ParOldGen       total 100864K, used 11751K [0x00000006c2c00000, 0x00000006c8e80000, 0x000000076b980000)
  object space 100864K, 11% used [0x00000006c2c00000,0x00000006c3779e20,0x00000006c8e80000)
 Metaspace       used 33462K, capacity 35292K, committed 35456K, reserved 1081344K
  class space    used 4041K, capacity 4417K, committed 4480K, reserved 1048576K
Event: 4.079 GC heap after
Heap after GC invocations=13 (full 1):
 PSYoungGen      total 225792K, used 1679K [0x000000076b980000, 0x0000000779e00000, 0x00000007c0000000)
  eden space 217600K, 0% used [0x000000076b980000,0x000000076b980000,0x0000000778e00000)
  from space 8192K, 20% used [0x0000000779600000,0x00000007797a3f58,0x0000000779e00000)
  to   space 8192K, 0% used [0x0000000778e00000,0x0000000778e00000,0x0000000779600000)
 ParOldGen       total 100864K, used 14163K [0x00000006c2c00000, 0x00000006c8e80000, 0x000000076b980000)
  object space 100864K, 14% used [0x00000006c2c00000,0x00000006c39d4e90,0x00000006c8e80000)
 Metaspace       used 33462K, capacity 35292K, committed 35456K, reserved 1081344K
  class space    used 4041K, capacity 4417K, committed 4480K, reserved 1048576K
}
Event: 4.079 GC heap before
{Heap before GC invocations=14 (full 2):
 PSYoungGen      total 225792K, used 1679K [0x000000076b980000, 0x0000000779e00000, 0x00000007c0000000)
  eden space 217600K, 0% used [0x000000076b980000,0x000000076b980000,0x0000000778e00000)
  from space 8192K, 20% used [0x0000000779600000,0x00000007797a3f58,0x0000000779e00000)
  to   space 8192K, 0% used [0x0000000778e00000,0x0000000778e00000,0x0000000779600000)
 ParOldGen       total 100864K, used 14163K [0x00000006c2c00000, 0x00000006c8e80000, 0x000000076b980000)
  object space 100864K, 14% used [0x00000006c2c00000,0x00000006c39d4e90,0x00000006c8e80000)
 Metaspace       used 33462K, capacity 35292K, committed 35456K, reserved 1081344K
  class space    used 4041K, capacity 4417K, committed 4480K, reserved 1048576K
Event: 4.136 GC heap after
Heap after GC invocations=14 (full 2):
 PSYoungGen      total 225792K, used 0K [0x000000076b980000, 0x0000000779e00000, 0x00000007c0000000)
  eden space 217600K, 0% used [0x000000076b980000,0x000000076b980000,0x0000000778e00000)
  from space 8192K, 0% used [0x0000000779600000,0x0000000779600000,0x0000000779e00000)
  to   space 8192K, 0% used [0x0000000778e00000,0x0000000778e00000,0x0000000779600000)
 ParOldGen       total 161280K, used 14144K [0x00000006c2c00000, 0x00000006cc980000, 0x000000076b980000)
  object space 161280K, 8% used [0x00000006c2c00000,0x00000006c39d02f8,0x00000006cc980000)
 Metaspace       used 33462K, capacity 35292K, committed 35456K, reserved 1081344K
  class space    used 4041K, capacity 4417K, committed 4480K, reserved 1048576K
}
Event: 5.107 GC heap before
{Heap before GC invocations=15 (full 2):
 PSYoungGen      total 225792K, used 217600K [0x000000076b980000, 0x0000000779e00000, 0x00000007c0000000)
  eden space 217600K, 100% used [0x000000076b980000,0x0000000778e00000,0x0000000778e00000)
  from space 8192K, 0% used [0x0000000779600000,0x0000000779600000,0x0000000779e00000)
  to   space 8192K, 0% used [0x0000000778e00000,0x0000000778e00000,0x0000000779600000)
 ParOldGen       total 161280K, used 14144K [0x00000006c2c00000, 0x00000006cc980000, 0x000000076b980000)
  object space 161280K, 8% used [0x00000006c2c00000,0x00000006c39d02f8,0x00000006cc980000)
 Metaspace       used 38530K, capacity 40842K, committed 40960K, reserved 1085440K
  class space    used 4649K, capacity 5090K, committed 5120K, reserved 1048576K
Event: 5.114 GC heap after
Heap after GC invocations=15 (full 2):
 PSYoungGen      total 225792K, used 8163K [0x000000076b980000, 0x0000000779e00000, 0x00000007c0000000)
  eden space 217600K, 0% used [0x000000076b980000,0x000000076b980000,0x0000000778e00000)
  from space 8192K, 99% used [0x0000000778e00000,0x00000007795f8c50,0x0000000779600000)
  to   space 8192K, 0% used [0x0000000779600000,0x0000000779600000,0x0000000779e00000)
 ParOldGen       total 161280K, used 15698K [0x00000006c2c00000, 0x00000006cc980000, 0x000000076b980000)
  object space 161280K, 9% used [0x00000006c2c00000,0x00000006c3b54ad0,0x00000006cc980000)
 Metaspace       used 38530K, capacity 40842K, committed 40960K, reserved 1085440K
  class space    used 4649K, capacity 5090K, committed 5120K, reserved 1048576K
}
Event: 6.068 GC heap before
{Heap before GC invocations=16 (full 2):
 PSYoungGen      total 225792K, used 225763K [0x000000076b980000, 0x0000000779e00000, 0x00000007c0000000)
  eden space 217600K, 100% used [0x000000076b980000,0x0000000778e00000,0x0000000778e00000)
  from space 8192K, 99% used [0x0000000778e00000,0x00000007795f8c50,0x0000000779600000)
  to   space 8192K, 0% used [0x0000000779600000,0x0000000779600000,0x0000000779e00000)
 ParOldGen       total 161280K, used 15698K [0x00000006c2c00000, 0x00000006cc980000, 0x000000076b980000)
  object space 161280K, 9% used [0x00000006c2c00000,0x00000006c3b54ad0,0x00000006cc980000)
 Metaspace       used 45493K, capacity 48032K, committed 48384K, reserved 1091584K
  class space    used 5575K, capacity 6051K, committed 6144K, reserved 1048576K
Event: 6.078 GC heap after
Heap after GC invocations=16 (full 2):
 PSYoungGen      total 225792K, used 8171K [0x000000076b980000, 0x0000000779e00000, 0x00000007c0000000)
  eden space 217600K, 0% used [0x000000076b980000,0x000000076b980000,0x0000000778e00000)
  from space 8192K, 99% used [0x0000000779600000,0x0000000779dfac08,0x0000000779e00000)
  to   space 8192K, 0% used [0x0000000778e00000,0x0000000778e00000,0x0000000779600000)
 ParOldGen       total 161280K, used 20461K [0x00000006c2c00000, 0x00000006cc980000, 0x000000076b980000)
  object space 161280K, 12% used [0x00000006c2c00000,0x00000006c3ffb4f0,0x00000006cc980000)
 Metaspace       used 45493K, capacity 48032K, committed 48384K, reserved 1091584K
  class space    used 5575K, capacity 6051K, committed 6144K, reserved 1048576K
}

