# JRE version: Java(TM) SE Runtime Environment (8.0_311-b11) (build 1.8.0_311-b11)
# Java VM: Java HotSpot(TM) 64-Bit Server VM (25.311-b11 mixed mode windows-amd64 compressed oops)
Heap:
 PSYoungGen      total 219136K, used 34058K [0x000000076b980000, 0x000000077ce80000, 0x00000007c0000000)
  eden space 210944K, 12% used [0x000000076b980000,0x000000076d2c3050,0x0000000778780000)
  from space 8192K, 99% used [0x0000000778780000,0x0000000778f7f998,0x0000000778f80000)
  to   space 9728K, 0% used [0x000000077c500000,0x000000077c500000,0x000000077ce80000)
 ParOldGen       total 159744K, used 15229K [0x00000006c2c00000, 0x00000006cc800000, 0x000000076b980000)
  object space 159744K, 9% used [0x00000006c2c00000,0x00000006c3adf5b8,0x00000006cc800000)
 Metaspace       used 38802K, capacity 41066K, committed 41344K, reserved 1085440K
  class space    used 4686K, capacity 5122K, committed 5248K, reserved 1048576K
GC Heap History (10 events):
Event: 6.871 GC heap before
{Heap before GC invocations=11 (full 1):
 PSYoungGen      total 110592K, used 109064K [0x000000076b980000, 0x0000000775800000, 0x00000007c0000000)
  eden space 102400K, 99% used [0x000000076b980000,0x0000000771d7e7c8,0x0000000771d80000)
  from space 8192K, 81% used [0x0000000771d80000,0x0000000772403a88,0x0000000772580000)
  to   space 8704K, 0% used [0x0000000774f80000,0x0000000774f80000,0x0000000775800000)
 ParOldGen       total 99840K, used 7414K [0x00000006c2c00000, 0x00000006c8d80000, 0x000000076b980000)
  object space 99840K, 7% used [0x00000006c2c00000,0x00000006c333dbd0,0x00000006c8d80000)
 Metaspace       used 30389K, capacity 32212K, committed 32512K, reserved 1077248K
  class space    used 3684K, capacity 4055K, committed 4096K, reserved 1048576K
Event: 6.876 GC heap after
Heap after GC invocations=11 (full 1):
 PSYoungGen      total 154112K, used 5057K [0x000000076b980000, 0x0000000775900000, 0x00000007c0000000)
  eden space 145408K, 0% used [0x000000076b980000,0x000000076b980000,0x0000000774780000)
  from space 8704K, 58% used [0x0000000774f80000,0x00000007754707c0,0x0000000775800000)
  to   space 8192K, 0% used [0x0000000774780000,0x0000000774780000,0x0000000774f80000)
 ParOldGen       total 99840K, used 8867K [0x00000006c2c00000, 0x00000006c8d80000, 0x000000076b980000)
  object space 99840K, 8% used [0x00000006c2c00000,0x00000006c34a8c00,0x00000006c8d80000)
 Metaspace       used 30389K, capacity 32212K, committed 32512K, reserved 1077248K
  class space    used 3684K, capacity 4055K, committed 4096K, reserved 1048576K
}
Event: 7.256 GC heap before
{Heap before GC invocations=12 (full 1):
 PSYoungGen      total 154112K, used 150465K [0x000000076b980000, 0x0000000775900000, 0x00000007c0000000)
  eden space 145408K, 100% used [0x000000076b980000,0x0000000774780000,0x0000000774780000)
  from space 8704K, 58% used [0x0000000774f80000,0x00000007754707c0,0x0000000775800000)
  to   space 8192K, 0% used [0x0000000774780000,0x0000000774780000,0x0000000774f80000)
 ParOldGen       total 99840K, used 8867K [0x00000006c2c00000, 0x00000006c8d80000, 0x000000076b980000)
  object space 99840K, 8% used [0x00000006c2c00000,0x00000006c34a8c00,0x00000006c8d80000)
 Metaspace       used 32480K, capacity 34300K, committed 34560K, reserved 1079296K
  class space    used 3908K, capacity 4257K, committed 4352K, reserved 1048576K
Event: 7.267 GC heap after
Heap after GC invocations=12 (full 1):
 PSYoungGen      total 153600K, used 4764K [0x000000076b980000, 0x0000000779780000, 0x00000007c0000000)
  eden space 145408K, 0% used [0x000000076b980000,0x000000076b980000,0x0000000774780000)
  from space 8192K, 58% used [0x0000000774780000,0x0000000774c27150,0x0000000774f80000)
  to   space 8192K, 0% used [0x0000000778f80000,0x0000000778f80000,0x0000000779780000)
 ParOldGen       total 99840K, used 11764K [0x00000006c2c00000, 0x00000006c8d80000, 0x000000076b980000)
  object space 99840K, 11% used [0x00000006c2c00000,0x00000006c377d028,0x00000006c8d80000)
 Metaspace       used 32480K, capacity 34300K, committed 34560K, reserved 1079296K
  class space    used 3908K, capacity 4257K, committed 4352K, reserved 1048576K
}
Event: 7.473 GC heap before
{Heap before GC invocations=13 (full 1):
 PSYoungGen      total 153600K, used 41762K [0x000000076b980000, 0x0000000779780000, 0x00000007c0000000)
  eden space 145408K, 25% used [0x000000076b980000,0x000000076dda16e8,0x0000000774780000)
  from space 8192K, 58% used [0x0000000774780000,0x0000000774c27150,0x0000000774f80000)
  to   space 8192K, 0% used [0x0000000778f80000,0x0000000778f80000,0x0000000779780000)
 ParOldGen       total 99840K, used 11764K [0x00000006c2c00000, 0x00000006c8d80000, 0x000000076b980000)
  object space 99840K, 11% used [0x00000006c2c00000,0x00000006c377d028,0x00000006c8d80000)
 Metaspace       used 33471K, capacity 35292K, committed 35456K, reserved 1081344K
  class space    used 4041K, capacity 4417K, committed 4480K, reserved 1048576K
Event: 7.478 GC heap after
Heap after GC invocations=13 (full 1):
 PSYoungGen      total 219136K, used 1694K [0x000000076b980000, 0x0000000779880000, 0x00000007c0000000)
  eden space 210944K, 0% used [0x000000076b980000,0x000000076b980000,0x0000000778780000)
  from space 8192K, 20% used [0x0000000778f80000,0x0000000779127b98,0x0000000779780000)
  to   space 8192K, 0% used [0x0000000778780000,0x0000000778780000,0x0000000778f80000)
 ParOldGen       total 99840K, used 14185K [0x00000006c2c00000, 0x00000006c8d80000, 0x000000076b980000)
  object space 99840K, 14% used [0x00000006c2c00000,0x00000006c39da488,0x00000006c8d80000)
 Metaspace       used 33471K, capacity 35292K, committed 35456K, reserved 1081344K
  class space    used 4041K, capacity 4417K, committed 4480K, reserved 1048576K
}
Event: 7.478 GC heap before
{Heap before GC invocations=14 (full 2):
 PSYoungGen      total 219136K, used 1694K [0x000000076b980000, 0x0000000779880000, 0x00000007c0000000)
  eden space 210944K, 0% used [0x000000076b980000,0x000000076b980000,0x0000000778780000)
  from space 8192K, 20% used [0x0000000778f80000,0x0000000779127b98,0x0000000779780000)
  to   space 8192K, 0% used [0x0000000778780000,0x0000000778780000,0x0000000778f80000)
 ParOldGen       total 99840K, used 14185K [0x00000006c2c00000, 0x00000006c8d80000, 0x000000076b980000)
  object space 99840K, 14% used [0x00000006c2c00000,0x00000006c39da488,0x00000006c8d80000)
 Metaspace       used 33471K, capacity 35292K, committed 35456K, reserved 1081344K
  class space    used 4041K, capacity 4417K, committed 4480K, reserved 1048576K
Event: 7.578 GC heap after
Heap after GC invocations=14 (full 2):
 PSYoungGen      total 219136K, used 0K [0x000000076b980000, 0x0000000779880000, 0x00000007c0000000)
  eden space 210944K, 0% used [0x000000076b980000,0x000000076b980000,0x0000000778780000)
  from space 8192K, 0% used [0x0000000778f80000,0x0000000778f80000,0x0000000779780000)
  to   space 8192K, 0% used [0x0000000778780000,0x0000000778780000,0x0000000778f80000)
 ParOldGen       total 159744K, used 14146K [0x00000006c2c00000, 0x00000006cc800000, 0x000000076b980000)
  object space 159744K, 8% used [0x00000006c2c00000,0x00000006c39d0890,0x00000006cc800000)
 Metaspace       used 33471K, capacity 35292K, committed 35456K, reserved 1081344K
  class space    used 4041K, capacity 4417K, committed 4480K, reserved 1048576K
}
Event: 9.203 GC heap before
{Heap before GC invocations=15 (full 2):
 PSYoungGen      total 219136K, used 210944K [0x000000076b980000, 0x0000000779880000, 0x00000007c0000000)
  eden space 210944K, 100% used [0x000000076b980000,0x0000000778780000,0x0000000778780000)
  from space 8192K, 0% used [0x0000000778f80000,0x0000000778f80000,0x0000000779780000)
  to   space 8192K, 0% used [0x0000000778780000,0x0000000778780000,0x0000000778f80000)
 ParOldGen       total 159744K, used 14146K [0x00000006c2c00000, 0x00000006cc800000, 0x000000076b980000)
  object space 159744K, 8% used [0x00000006c2c00000,0x00000006c39d0890,0x00000006cc800000)
 Metaspace       used 38264K, capacity 40554K, committed 40704K, reserved 1085440K
  class space    used 4613K, capacity 5058K, committed 5120K, reserved 1048576K
Event: 9.210 GC heap after
Heap after GC invocations=15 (full 2):
 PSYoungGen      total 219136K, used 8190K [0x000000076b980000, 0x000000077ce80000, 0x00000007c0000000)
  eden space 210944K, 0% used [0x000000076b980000,0x000000076b980000,0x0000000778780000)
  from space 8192K, 99% used [0x0000000778780000,0x0000000778f7f998,0x0000000778f80000)
  to   space 9728K, 0% used [0x000000077c500000,0x000000077c500000,0x000000077ce80000)
 ParOldGen       total 159744K, used 15229K [0x00000006c2c00000, 0x00000006cc800000, 0x000000076b980000)
  object space 159744K, 9% used [0x00000006c2c00000,0x00000006c3adf5b8,0x00000006cc800000)
 Metaspace       used 38264K, capacity 40554K, committed 40704K, reserved 1085440K
  class space    used 4613K, capacity 5058K, committed 5120K, reserved 1048576K
}

