# JRE version: Java(TM) SE Runtime Environment (8.0_311-b11) (build 1.8.0_311-b11)
# Java VM: Java HotSpot(TM) 64-Bit Server VM (25.311-b11 mixed mode windows-amd64 compressed oops)
Heap:
 PSYoungGen      total 676352K, used 35528K [0x000000076b980000, 0x0000000798400000, 0x00000007c0000000)
  eden space 651776K, 4% used [0x000000076b980000,0x000000076d5c0188,0x0000000793600000)
  from space 24576K, 26% used [0x0000000794d80000,0x00000007953f1ea8,0x0000000796580000)
  to   space 24064K, 0% used [0x0000000793600000,0x0000000793600000,0x0000000794d80000)
 ParOldGen       total 209408K, used 46180K [0x00000006c2c00000, 0x00000006cf880000, 0x000000076b980000)
  object space 209408K, 22% used [0x00000006c2c00000,0x00000006c5919030,0x00000006cf880000)
 Metaspace       used 87714K, capacity 92294K, committed 92632K, reserved 1130496K
  class space    used 10657K, capacity 11424K, committed 11520K, reserved 1048576K
GC Heap History (10 events):
Event: 7.152 GC heap before
{Heap before GC invocations=13 (full 2):
 PSYoungGen      total 436224K, used 76310K [0x000000076b980000, 0x0000000787800000, 0x00000007c0000000)
  eden space 421888K, 14% used [0x000000076b980000,0x000000076f60bf68,0x0000000785580000)
  from space 14336K, 99% used [0x0000000786680000,0x0000000787479c68,0x0000000787480000)
  to   space 17408K, 0% used [0x0000000785580000,0x0000000785580000,0x0000000786680000)
 ParOldGen       total 156672K, used 22393K [0x00000006c2c00000, 0x00000006cc500000, 0x000000076b980000)
  object space 156672K, 14% used [0x00000006c2c00000,0x00000006c41de6a0,0x00000006cc500000)
 Metaspace       used 56222K, capacity 58852K, committed 59096K, reserved 1101824K
  class space    used 6844K, capacity 7343K, committed 7424K, reserved 1048576K
Event: 7.163 GC heap after
Heap after GC invocations=13 (full 2):
 PSYoungGen      total 439296K, used 2288K [0x000000076b980000, 0x000000078fe80000, 0x00000007c0000000)
  eden space 421888K, 0% used [0x000000076b980000,0x000000076b980000,0x0000000785580000)
  from space 17408K, 13% used [0x0000000785580000,0x00000007857bc358,0x0000000786680000)
  to   space 17920K, 0% used [0x000000078ed00000,0x000000078ed00000,0x000000078fe80000)
 ParOldGen       total 156672K, used 32127K [0x00000006c2c00000, 0x00000006cc500000, 0x000000076b980000)
  object space 156672K, 20% used [0x00000006c2c00000,0x00000006c4b5fdb0,0x00000006cc500000)
 Metaspace       used 56222K, capacity 58852K, committed 59096K, reserved 1101824K
  class space    used 6844K, capacity 7343K, committed 7424K, reserved 1048576K
}
Event: 7.163 GC heap before
{Heap before GC invocations=14 (full 3):
 PSYoungGen      total 439296K, used 2288K [0x000000076b980000, 0x000000078fe80000, 0x00000007c0000000)
  eden space 421888K, 0% used [0x000000076b980000,0x000000076b980000,0x0000000785580000)
  from space 17408K, 13% used [0x0000000785580000,0x00000007857bc358,0x0000000786680000)
  to   space 17920K, 0% used [0x000000078ed00000,0x000000078ed00000,0x000000078fe80000)
 ParOldGen       total 156672K, used 32127K [0x00000006c2c00000, 0x00000006cc500000, 0x000000076b980000)
  object space 156672K, 20% used [0x00000006c2c00000,0x00000006c4b5fdb0,0x00000006cc500000)
 Metaspace       used 56222K, capacity 58852K, committed 59096K, reserved 1101824K
  class space    used 6844K, capacity 7343K, committed 7424K, reserved 1048576K
Event: 7.257 GC heap after
Heap after GC invocations=14 (full 3):
 PSYoungGen      total 439296K, used 0K [0x000000076b980000, 0x000000078fe80000, 0x00000007c0000000)
  eden space 421888K, 0% used [0x000000076b980000,0x000000076b980000,0x0000000785580000)
  from space 17408K, 0% used [0x0000000785580000,0x0000000785580000,0x0000000786680000)
  to   space 17920K, 0% used [0x000000078ed00000,0x000000078ed00000,0x000000078fe80000)
 ParOldGen       total 209408K, used 21721K [0x00000006c2c00000, 0x00000006cf880000, 0x000000076b980000)
  object space 209408K, 10% used [0x00000006c2c00000,0x00000006c4136740,0x00000006cf880000)
 Metaspace       used 56222K, capacity 58852K, committed 59096K, reserved 1101824K
  class space    used 6844K, capacity 7343K, committed 7424K, reserved 1048576K
}
Event: 9.045 GC heap before
{Heap before GC invocations=15 (full 3):
 PSYoungGen      total 439296K, used 421888K [0x000000076b980000, 0x000000078fe80000, 0x00000007c0000000)
  eden space 421888K, 100% used [0x000000076b980000,0x0000000785580000,0x0000000785580000)
  from space 17408K, 0% used [0x0000000785580000,0x0000000785580000,0x0000000786680000)
  to   space 17920K, 0% used [0x000000078ed00000,0x000000078ed00000,0x000000078fe80000)
 ParOldGen       total 209408K, used 21721K [0x00000006c2c00000, 0x00000006cf880000, 0x000000076b980000)
  object space 209408K, 10% used [0x00000006c2c00000,0x00000006c4136740,0x00000006cf880000)
 Metaspace       used 70198K, capacity 73548K, committed 73944K, reserved 1114112K
  class space    used 8538K, capacity 9111K, committed 9216K, reserved 1048576K
Event: 9.056 GC heap after
Heap after GC invocations=15 (full 3):
 PSYoungGen      total 544256K, used 15017K [0x000000076b980000, 0x000000078fc00000, 0x00000007c0000000)
  eden space 528896K, 0% used [0x000000076b980000,0x000000076b980000,0x000000078be00000)
  from space 15360K, 97% used [0x000000078ed00000,0x000000078fbaa6d8,0x000000078fc00000)
  to   space 19456K, 0% used [0x000000078d600000,0x000000078d600000,0x000000078e900000)
 ParOldGen       total 209408K, used 21729K [0x00000006c2c00000, 0x00000006cf880000, 0x000000076b980000)
  object space 209408K, 10% used [0x00000006c2c00000,0x00000006c4138740,0x00000006cf880000)
 Metaspace       used 70198K, capacity 73548K, committed 73944K, reserved 1114112K
  class space    used 8538K, capacity 9111K, committed 9216K, reserved 1048576K
}
Event: 10.994 GC heap before
{Heap before GC invocations=16 (full 3):
 PSYoungGen      total 544256K, used 543913K [0x000000076b980000, 0x000000078fc00000, 0x00000007c0000000)
  eden space 528896K, 100% used [0x000000076b980000,0x000000078be00000,0x000000078be00000)
  from space 15360K, 97% used [0x000000078ed00000,0x000000078fbaa6d8,0x000000078fc00000)
  to   space 19456K, 0% used [0x000000078d600000,0x000000078d600000,0x000000078e900000)
 ParOldGen       total 209408K, used 21729K [0x00000006c2c00000, 0x00000006cf880000, 0x000000076b980000)
  object space 209408K, 10% used [0x00000006c2c00000,0x00000006c4138740,0x00000006cf880000)
 Metaspace       used 83953K, capacity 88128K, committed 88280K, reserved 1126400K
  class space    used 10246K, capacity 10971K, committed 11008K, reserved 1048576K
Event: 11.008 GC heap after
Heap after GC invocations=16 (full 3):
 PSYoungGen      total 572928K, used 19450K [0x000000076b980000, 0x0000000796580000, 0x00000007c0000000)
  eden space 553472K, 0% used [0x000000076b980000,0x000000076b980000,0x000000078d600000)
  from space 19456K, 99% used [0x000000078d600000,0x000000078e8fe838,0x000000078e900000)
  to   space 24576K, 0% used [0x0000000794d80000,0x0000000794d80000,0x0000000796580000)
 ParOldGen       total 209408K, used 28439K [0x00000006c2c00000, 0x00000006cf880000, 0x000000076b980000)
  object space 209408K, 13% used [0x00000006c2c00000,0x00000006c47c5c60,0x00000006cf880000)
 Metaspace       used 83953K, capacity 88128K, committed 88280K, reserved 1126400K
  class space    used 10246K, capacity 10971K, committed 11008K, reserved 1048576K
}
Event: 12.224 GC heap before
{Heap before GC invocations=17 (full 3):
 PSYoungGen      total 572928K, used 572922K [0x000000076b980000, 0x0000000796580000, 0x00000007c0000000)
  eden space 553472K, 100% used [0x000000076b980000,0x000000078d600000,0x000000078d600000)
  from space 19456K, 99% used [0x000000078d600000,0x000000078e8fe838,0x000000078e900000)
  to   space 24576K, 0% used [0x0000000794d80000,0x0000000794d80000,0x0000000796580000)
 ParOldGen       total 209408K, used 28439K [0x00000006c2c00000, 0x00000006cf880000, 0x000000076b980000)
  object space 209408K, 13% used [0x00000006c2c00000,0x00000006c47c5c60,0x00000006cf880000)
 Metaspace       used 87579K, capacity 92160K, committed 92376K, reserved 1130496K
  class space    used 10637K, capacity 11423K, committed 11520K, reserved 1048576K
Event: 12.241 GC heap after
Heap after GC invocations=17 (full 3):
 PSYoungGen      total 676352K, used 6599K [0x000000076b980000, 0x0000000798400000, 0x00000007c0000000)
  eden space 651776K, 0% used [0x000000076b980000,0x000000076b980000,0x0000000793600000)
  from space 24576K, 26% used [0x0000000794d80000,0x00000007953f1ea8,0x0000000796580000)
  to   space 24064K, 0% used [0x0000000793600000,0x0000000793600000,0x0000000794d80000)
 ParOldGen       total 209408K, used 46180K [0x00000006c2c00000, 0x00000006cf880000, 0x000000076b980000)
  object space 209408K, 22% used [0x00000006c2c00000,0x00000006c5919030,0x00000006cf880000)
 Metaspace       used 87579K, capacity 92160K, committed 92376K, reserved 1130496K
  class space    used 10637K, capacity 11423K, committed 11520K, reserved 1048576K
}

